Using pre-set license
Built from '2020.3/release' branch; Version is '2020.3.2f1 (8fd9074bf66c) revision 9427207'; Using compiler version '192528614'; Build Type 'Release'
OS: 'Windows 10 Enterprise; OS build 19042.1165; Version 2009; 64bit' Language: 'en' Physical Memory: 16265 MB
BatchMode: 1, IsHumanControllingUs: 0, StartBugReporterOnCrash: 0, Is64bit: 1, IsPro: 0

 COMMAND LINE ARGUMENTS:
C:\Program Files\Unity\Hub\Editor\2018.4.33f1\Editor\Unity.exe
-adb2
-batchMode
-noUpm
-name
AssetImportWorker0
-projectPath
C:/Users/AMondal/Documents/source/DEAD-EARTH/Project
-logFile
Logs/AssetImportWorker0.log
-srvPort
63660
Successfully changed project path to: C:/Users/AMondal/Documents/source/DEAD-EARTH/Project
C:/Users/AMondal/Documents/source/DEAD-EARTH/Project
Using Asset Import Pipeline V2.
Refreshing native plugins compatible for Editor in 308.73 ms, found 2 plugins.
Preloading 0 native plugins for Editor in 0.00 ms.
Initialize engine version: 2020.3.2f1 (8fd9074bf66c)
[Subsystems] Discovering subsystems at path C:/Program Files/Unity/Hub/Editor/2018.4.33f1/Editor/Data/Resources/UnitySubsystems
[Subsystems] Discovering subsystems at path C:/Users/AMondal/Documents/source/DEAD-EARTH/Project/Assets
GfxDevice: creating device client; threaded=0
Direct3D:
    Version:  Direct3D 11.0 [level 11.1]
    Renderer: Intel(R) HD Graphics 520 (ID=0x1916)
    Vendor:   
    VRAM:     8132 MB
    Driver:   27.20.100.9171
Initialize mono
Mono path[0] = 'C:/Program Files/Unity/Hub/Editor/2018.4.33f1/Editor/Data/Managed'
Mono path[1] = 'C:/Program Files/Unity/Hub/Editor/2018.4.33f1/Editor/Data/MonoBleedingEdge/lib/mono/unityjit'
Mono config path = 'C:/Program Files/Unity/Hub/Editor/2018.4.33f1/Editor/Data/MonoBleedingEdge/etc'
Using monoOptions --debugger-agent=transport=dt_socket,embedding=1,server=y,suspend=n,address=127.0.0.1:56372
Begin MonoManager ReloadAssembly
Registering precompiled unity dll's ...
Register platform support module: C:/Program Files/Unity/Hub/Editor/2018.4.33f1/Editor/Data/PlaybackEngines/WindowsStandaloneSupport/UnityEditor.WindowsStandalone.Extensions.dll
Registered in 0.015338 seconds.
Native extension for WindowsStandalone target not found
Refreshing native plugins compatible for Editor in 301.38 ms, found 2 plugins.
Preloading 0 native plugins for Editor in 0.00 ms.
Invoked RoslynAnalysisRunner static constructor.
RoslynAnalysisRunner will not be running.
RoslynAnalysisRunner has terminated.
Mono: successfully reloaded assembly
- Completed reload, in  5.102 seconds
Platform modules already initialized, skipping
Registering precompiled user dll's ...
Registered in 0.116636 seconds.
Begin MonoManager ReloadAssembly
Native extension for WindowsStandalone target not found
Refreshing native plugins compatible for Editor in 1.23 ms, found 2 plugins.
Preloading 0 native plugins for Editor in 0.00 ms.
Invoked RoslynAnalysisRunner static constructor.
RoslynAnalysisRunner will not be running.
RoslynAnalysisRunner has terminated.
Mono: successfully reloaded assembly
- Completed reload, in  3.442 seconds
Platform modules already initialized, skipping
========================================================================
Worker process is ready to serve import requests
Launched and connected shader compiler UnityShaderCompiler.exe after 0.35 seconds
Refreshing native plugins compatible for Editor in 1.68 ms, found 2 plugins.
Preloading 0 native plugins for Editor in 0.00 ms.
Unloading 2045 Unused Serialized files (Serialized files now loaded: 0)
System memory in use before: 85.0 MB.
System memory in use after: 85.1 MB.

Unloading 58 unused Assets to reduce memory usage. Loaded Objects now: 2454.
Total: 12.588600 ms (FindLiveObjects: 0.522800 ms CreateObjectMapping: 0.453100 ms MarkObjects: 11.421400 ms  DeleteObjects: 0.188900 ms)

========================================================================
Received Import Request.
  path: Assets/Dead Earth/Prefabs/Zombies/Omni Zombie Yaku.prefab
  artifactKey: Guid(e6d00367230b6a44bbd720986aed4f83) Importer(815301076,1909f56bfc062723c751e8b465ee728b)
Start importing Assets/Dead Earth/Prefabs/Zombies/Omni Zombie Yaku.prefab using Guid(e6d00367230b6a44bbd720986aed4f83) Importer(815301076,1909f56bfc062723c751e8b465ee728b)  -> (artifact id: '43cadaf2d90e765af7527612b5fe50d9') in 0.570064 seconds
  Import took 0.592449 seconds .

========================================================================
Received Import Request.
  Time since last request: 26.323106 seconds.
  path: Assets/Dead Earth/Prefabs/Zombies/Omni Zombie Yaku.prefab
  artifactKey: Guid(e6d00367230b6a44bbd720986aed4f83) Importer(815301076,1909f56bfc062723c751e8b465ee728b)
Start importing Assets/Dead Earth/Prefabs/Zombies/Omni Zombie Yaku.prefab using Guid(e6d00367230b6a44bbd720986aed4f83) Importer(815301076,1909f56bfc062723c751e8b465ee728b)  -> (artifact id: 'b8af4f5f0bdffa1e9f9ed539174914de') in 2.376232 seconds
  Import took 2.390171 seconds .

========================================================================
Received Import Request.
  Time since last request: 16.927940 seconds.
  path: Assets/Dead Earth/Prefabs/Zombies/Omni Zombie Clown.prefab
  artifactKey: Guid(6a088edb60a7e70489e1a925b8fae865) Importer(815301076,1909f56bfc062723c751e8b465ee728b)
Start importing Assets/Dead Earth/Prefabs/Zombies/Omni Zombie Clown.prefab using Guid(6a088edb60a7e70489e1a925b8fae865) Importer(815301076,1909f56bfc062723c751e8b465ee728b)  -> (artifact id: 'b0d69edd196c0d6e332bb0e97a6339b7') in 0.077225 seconds
  Import took 0.084337 seconds .

========================================================================
Received Import Request.
  Time since last request: 0.000578 seconds.
  path: Assets/Dead Earth/Prefabs/Zombies/Omni Zombie Clown.prefab
  artifactKey: Guid(6a088edb60a7e70489e1a925b8fae865) Importer(815301076,1909f56bfc062723c751e8b465ee728b)
Start importing Assets/Dead Earth/Prefabs/Zombies/Omni Zombie Clown.prefab using Guid(6a088edb60a7e70489e1a925b8fae865) Importer(815301076,1909f56bfc062723c751e8b465ee728b)  -> (artifact id: 'b0d69edd196c0d6e332bb0e97a6339b7') in 0.069676 seconds
  Import took 0.076630 seconds .

========================================================================
Received Prepare
Registering precompiled user dll's ...
Registered in 0.030073 seconds.
Begin MonoManager ReloadAssembly
Native extension for WindowsStandalone target not found
Refreshing native plugins compatible for Editor in 2.22 ms, found 2 plugins.
Preloading 0 native plugins for Editor in 0.00 ms.
Invoked RoslynAnalysisRunner static constructor.
RoslynAnalysisRunner will not be running.
RoslynAnalysisRunner has terminated.
Mono: successfully reloaded assembly
- Completed reload, in  3.467 seconds
Platform modules already initialized, skipping
Refreshing native plugins compatible for Editor in 0.92 ms, found 2 plugins.
Preloading 0 native plugins for Editor in 0.00 ms.
Unloading 2037 Unused Serialized files (Serialized files now loaded: 0)
System memory in use before: 87.9 MB.
System memory in use after: 88.0 MB.

Unloading 49 unused Assets to reduce memory usage. Loaded Objects now: 2463.
Total: 9.276000 ms (FindLiveObjects: 0.334200 ms CreateObjectMapping: 0.141200 ms MarkObjects: 8.734300 ms  DeleteObjects: 0.061900 ms)

========================================================================
Received Prepare
Registering precompiled user dll's ...
Registered in 0.025030 seconds.
Begin MonoManager ReloadAssembly
Native extension for WindowsStandalone target not found
Refreshing native plugins compatible for Editor in 1.95 ms, found 2 plugins.
Preloading 0 native plugins for Editor in 0.00 ms.
Invoked RoslynAnalysisRunner static constructor.
RoslynAnalysisRunner will not be running.
RoslynAnalysisRunner has terminated.
Mono: successfully reloaded assembly
- Completed reload, in  3.131 seconds
Platform modules already initialized, skipping
Refreshing native plugins compatible for Editor in 1.33 ms, found 2 plugins.
Preloading 0 native plugins for Editor in 0.00 ms.
Unloading 2037 Unused Serialized files (Serialized files now loaded: 0)
System memory in use before: 87.8 MB.
System memory in use after: 87.9 MB.

Unloading 49 unused Assets to reduce memory usage. Loaded Objects now: 2465.
Total: 12.068700 ms (FindLiveObjects: 0.426000 ms CreateObjectMapping: 0.203200 ms MarkObjects: 11.387000 ms  DeleteObjects: 0.050200 ms)

========================================================================
Received Prepare
Registering precompiled user dll's ...
Registered in 0.035328 seconds.
Begin MonoManager ReloadAssembly
Native extension for WindowsStandalone target not found
Refreshing native plugins compatible for Editor in 1.73 ms, found 2 plugins.
Preloading 0 native plugins for Editor in 0.00 ms.
Invoked RoslynAnalysisRunner static constructor.
RoslynAnalysisRunner will not be running.
RoslynAnalysisRunner has terminated.
Mono: successfully reloaded assembly
- Completed reload, in  3.100 seconds
Platform modules already initialized, skipping
Refreshing native plugins compatible for Editor in 0.96 ms, found 2 plugins.
Preloading 0 native plugins for Editor in 0.00 ms.
Unloading 2037 Unused Serialized files (Serialized files now loaded: 0)
System memory in use before: 87.8 MB.
System memory in use after: 88.0 MB.

Unloading 49 unused Assets to reduce memory usage. Loaded Objects now: 2467.
Total: 13.760700 ms (FindLiveObjects: 0.558800 ms CreateObjectMapping: 0.214300 ms MarkObjects: 12.927600 ms  DeleteObjects: 0.057300 ms)

========================================================================
Received Prepare
Registering precompiled user dll's ...
Registered in 0.031831 seconds.
Begin MonoManager ReloadAssembly
Native extension for WindowsStandalone target not found
Refreshing native plugins compatible for Editor in 0.93 ms, found 2 plugins.
Preloading 0 native plugins for Editor in 0.00 ms.
Invoked RoslynAnalysisRunner static constructor.
RoslynAnalysisRunner will not be running.
RoslynAnalysisRunner has terminated.
Mono: successfully reloaded assembly
- Completed reload, in  2.600 seconds
Platform modules already initialized, skipping
Refreshing native plugins compatible for Editor in 2.75 ms, found 2 plugins.
Preloading 0 native plugins for Editor in 0.00 ms.
Unloading 2037 Unused Serialized files (Serialized files now loaded: 0)
System memory in use before: 87.9 MB.
System memory in use after: 88.0 MB.

Unloading 49 unused Assets to reduce memory usage. Loaded Objects now: 2469.
Total: 38.394600 ms (FindLiveObjects: 0.700400 ms CreateObjectMapping: 0.535100 ms MarkObjects: 36.969400 ms  DeleteObjects: 0.183100 ms)

========================================================================
Received Prepare
Registering precompiled user dll's ...
Registered in 0.050070 seconds.
Begin MonoManager ReloadAssembly
Native extension for WindowsStandalone target not found
Refreshing native plugins compatible for Editor in 1.03 ms, found 2 plugins.
Preloading 0 native plugins for Editor in 0.00 ms.
Invoked RoslynAnalysisRunner static constructor.
RoslynAnalysisRunner will not be running.
RoslynAnalysisRunner has terminated.
Mono: successfully reloaded assembly
- Completed reload, in  5.843 seconds
Platform modules already initialized, skipping
Refreshing native plugins compatible for Editor in 16.86 ms, found 2 plugins.
Preloading 0 native plugins for Editor in 0.00 ms.
Unloading 2037 Unused Serialized files (Serialized files now loaded: 0)
System memory in use before: 87.9 MB.
System memory in use after: 88.0 MB.

Unloading 49 unused Assets to reduce memory usage. Loaded Objects now: 2471.
Total: 83.618200 ms (FindLiveObjects: 7.365700 ms CreateObjectMapping: 1.706100 ms MarkObjects: 73.910900 ms  DeleteObjects: 0.621400 ms)

========================================================================
Received Prepare
Registering precompiled user dll's ...
Registered in 0.044414 seconds.
Begin MonoManager ReloadAssembly
Native extension for WindowsStandalone target not found
Refreshing native plugins compatible for Editor in 1.61 ms, found 2 plugins.
Preloading 0 native plugins for Editor in 0.00 ms.
Invoked RoslynAnalysisRunner static constructor.
RoslynAnalysisRunner will not be running.
RoslynAnalysisRunner has terminated.
Mono: successfully reloaded assembly
- Completed reload, in  2.283 seconds
Platform modules already initialized, skipping
Refreshing native plugins compatible for Editor in 1.27 ms, found 2 plugins.
Preloading 0 native plugins for Editor in 0.00 ms.
Unloading 2037 Unused Serialized files (Serialized files now loaded: 0)
System memory in use before: 87.9 MB.
System memory in use after: 88.0 MB.

Unloading 49 unused Assets to reduce memory usage. Loaded Objects now: 2473.
Total: 7.343200 ms (FindLiveObjects: 0.259100 ms CreateObjectMapping: 0.128000 ms MarkObjects: 6.859000 ms  DeleteObjects: 0.094800 ms)

========================================================================
Received Prepare
Registering precompiled user dll's ...
Registered in 0.024578 seconds.
Begin MonoManager ReloadAssembly
Native extension for WindowsStandalone target not found
Refreshing native plugins compatible for Editor in 2.31 ms, found 2 plugins.
Preloading 0 native plugins for Editor in 0.00 ms.
Invoked RoslynAnalysisRunner static constructor.
RoslynAnalysisRunner will not be running.
RoslynAnalysisRunner has terminated.
Mono: successfully reloaded assembly
- Completed reload, in  3.251 seconds
Platform modules already initialized, skipping
Refreshing native plugins compatible for Editor in 1.19 ms, found 2 plugins.
Preloading 0 native plugins for Editor in 0.00 ms.
Unloading 2037 Unused Serialized files (Serialized files now loaded: 0)
System memory in use before: 87.9 MB.
System memory in use after: 88.0 MB.

Unloading 49 unused Assets to reduce memory usage. Loaded Objects now: 2475.
Total: 10.916100 ms (FindLiveObjects: 0.263200 ms CreateObjectMapping: 0.100100 ms MarkObjects: 10.487400 ms  DeleteObjects: 0.062900 ms)

========================================================================
Received Import Request.
  Time since last request: 872.343053 seconds.
  path: Assets/Dead Earth/Prefabs/Zombies/Omni Zombie Girl Scout.prefab
  artifactKey: Guid(71c4e3d6764131b45a3f4b7aeff86f97) Importer(815301076,1909f56bfc062723c751e8b465ee728b)
Start importing Assets/Dead Earth/Prefabs/Zombies/Omni Zombie Girl Scout.prefab using Guid(71c4e3d6764131b45a3f4b7aeff86f97) Importer(815301076,1909f56bfc062723c751e8b465ee728b)  -> (artifact id: '8e1436ebdd0f26d36d0486c738b0a973') in 1.950316 seconds
  Import took 1.968152 seconds .

========================================================================
Received Prepare
Registering precompiled user dll's ...
Registered in 0.023880 seconds.
Begin MonoManager ReloadAssembly
Native extension for WindowsStandalone target not found
Refreshing native plugins compatible for Editor in 1.41 ms, found 2 plugins.
Preloading 0 native plugins for Editor in 0.00 ms.
Invoked RoslynAnalysisRunner static constructor.
RoslynAnalysisRunner will not be running.
RoslynAnalysisRunner has terminated.
Mono: successfully reloaded assembly
- Completed reload, in  3.384 seconds
Platform modules already initialized, skipping
Refreshing native plugins compatible for Editor in 1.45 ms, found 2 plugins.
Preloading 0 native plugins for Editor in 0.00 ms.
Unloading 2037 Unused Serialized files (Serialized files now loaded: 0)
System memory in use before: 88.0 MB.
System memory in use after: 88.1 MB.

Unloading 49 unused Assets to reduce memory usage. Loaded Objects now: 2478.
Total: 20.275100 ms (FindLiveObjects: 0.696800 ms CreateObjectMapping: 0.371800 ms MarkObjects: 19.130200 ms  DeleteObjects: 0.072700 ms)

========================================================================
Received Prepare
Registering precompiled user dll's ...
Registered in 0.025032 seconds.
Begin MonoManager ReloadAssembly
Native extension for WindowsStandalone target not found
Refreshing native plugins compatible for Editor in 0.97 ms, found 2 plugins.
Preloading 0 native plugins for Editor in 0.00 ms.
Invoked RoslynAnalysisRunner static constructor.
RoslynAnalysisRunner will not be running.
RoslynAnalysisRunner has terminated.
Mono: successfully reloaded assembly
- Completed reload, in  3.041 seconds
Platform modules already initialized, skipping
Refreshing native plugins compatible for Editor in 1.89 ms, found 2 plugins.
Preloading 0 native plugins for Editor in 0.00 ms.
Unloading 2037 Unused Serialized files (Serialized files now loaded: 0)
System memory in use before: 87.9 MB.
System memory in use after: 88.1 MB.

Unloading 49 unused Assets to reduce memory usage. Loaded Objects now: 2480.
Total: 16.023800 ms (FindLiveObjects: 0.334000 ms CreateObjectMapping: 0.188900 ms MarkObjects: 15.450200 ms  DeleteObjects: 0.048000 ms)

