Using pre-set license

 COMMAND LINE ARGUMENTS:
/Applications/Unity/Hub/Editor/2020.3.16f1/Unity.app/Contents/MacOS/Unity
-adb2
-batchMode
-noUpm
-name
AssetImportWorker0
-projectPath
/Users/mapurba/Documents/GitHub/DEAD-EARTH/Lesson 51 - Dead Earth 2017_2 Project So Far
-logFile
Logs/AssetImportWorker0.log
-srvPort
62995
Successfully changed project path to: /Users/mapurba/Documents/GitHub/DEAD-EARTH/Lesson 51 - Dead Earth 2017_2 Project So Far
/Users/mapurba/Documents/GitHub/DEAD-EARTH/Lesson 51 - Dead Earth 2017_2 Project So Far
Using Asset Import Pipeline V2.
Refreshing native plugins compatible for Editor in 58.61 ms, found 2 plugins.
Preloading 0 native plugins for Editor in 0.00 ms.
Initialize engine version: 2020.3.16f1 (049d6eca3c44)
[Subsystems] Discovering subsystems at path /Applications/Unity/Hub/Editor/2020.3.16f1/Unity.app/Contents/Resources/UnitySubsystems
[Subsystems] Discovering subsystems at path /Users/mapurba/Documents/GitHub/DEAD-EARTH/Lesson 51 - Dead Earth 2017_2 Project So Far/Assets
GfxDevice: creating device client; threaded=0
2021-09-03 22:32:14.024 Unity[84852:588130] Display preferred device: Intel(R) UHD Graphics 617 (low power)
2021-09-03 22:32:14.024 Unity[84852:588130] Metal devices available: 1
2021-09-03 22:32:14.024 Unity[84852:588130] 0: Intel(R) UHD Graphics 617 (low power)
2021-09-03 22:32:14.025 Unity[84852:588130] Using device Intel(R) UHD Graphics 617 (low power)
Initializing Metal device caps: Intel(R) UHD Graphics 617
Initialize mono
Mono path[0] = '/Applications/Unity/Hub/Editor/2020.3.16f1/Unity.app/Contents/Managed'
Mono path[1] = '/Applications/Unity/Hub/Editor/2020.3.16f1/Unity.app/Contents/MonoBleedingEdge/lib/mono/unityjit'
Mono config path = '/Applications/Unity/Hub/Editor/2020.3.16f1/Unity.app/Contents/MonoBleedingEdge/etc'
Using monoOptions --debugger-agent=transport=dt_socket,embedding=1,server=y,suspend=n,address=127.0.0.1:56852
Begin MonoManager ReloadAssembly
Registering precompiled unity dll's ...
Register platform support module: /Applications/Unity/Hub/Editor/2020.3.16f1/Unity.app/Contents/PlaybackEngines/MacStandaloneSupport/UnityEditor.OSXStandalone.Extensions.dll
Registered in 0.001578 seconds.
Native extension for OSXStandalone target not found
Refreshing native plugins compatible for Editor in 49.45 ms, found 2 plugins.
Preloading 0 native plugins for Editor in 0.00 ms.
Mono: successfully reloaded assembly
- Completed reload, in  6.706 seconds
Domain Reload Profiling:
	ReloadAssembly (6706ms)
		BeginReloadAssembly (47ms)
			ExecutionOrderSort (0ms)
			DisableScriptedObjects (0ms)
			BackupInstance (0ms)
			ReleaseScriptingObjects (0ms)
			CreateAndSetChildDomain (1ms)
		EndReloadAssembly (594ms)
			LoadAssemblies (48ms)
			RebuildTransferFunctionScriptingTraits (0ms)
			SetupTypeCache (233ms)
			ReleaseScriptCaches (0ms)
			RebuildScriptCaches (48ms)
			SetupLoadedEditorAssemblies (246ms)
				LogAssemblyErrors (0ms)
				InitializePlatformSupportModulesInManaged (4ms)
				SetLoadedEditorAssemblies (0ms)
				RefreshPlugins (49ms)
				BeforeProcessingInitializeOnLoad (34ms)
				ProcessInitializeOnLoadAttributes (121ms)
				ProcessInitializeOnLoadMethodAttributes (37ms)
				AfterProcessingInitializeOnLoad (0ms)
				EditorAssembliesLoaded (0ms)
			ExecutionOrderSort2 (0ms)
			AwakeInstancesAfterBackupRestoration (0ms)
Platform modules already initialized, skipping
Registering precompiled user dll's ...
Registered in 0.011983 seconds.
Begin MonoManager ReloadAssembly
Native extension for OSXStandalone target not found
Refreshing native plugins compatible for Editor in 1.64 ms, found 2 plugins.
Preloading 0 native plugins for Editor in 0.00 ms.
Mono: successfully reloaded assembly
- Completed reload, in  1.932 seconds
Domain Reload Profiling:
	ReloadAssembly (1933ms)
		BeginReloadAssembly (268ms)
			ExecutionOrderSort (0ms)
			DisableScriptedObjects (6ms)
			BackupInstance (0ms)
			ReleaseScriptingObjects (0ms)
			CreateAndSetChildDomain (52ms)
		EndReloadAssembly (1555ms)
			LoadAssemblies (197ms)
			RebuildTransferFunctionScriptingTraits (0ms)
			SetupTypeCache (491ms)
			ReleaseScriptCaches (1ms)
			RebuildScriptCaches (88ms)
			SetupLoadedEditorAssemblies (630ms)
				LogAssemblyErrors (0ms)
				InitializePlatformSupportModulesInManaged (10ms)
				SetLoadedEditorAssemblies (1ms)
				RefreshPlugins (2ms)
				BeforeProcessingInitializeOnLoad (122ms)
				ProcessInitializeOnLoadAttributes (443ms)
				ProcessInitializeOnLoadMethodAttributes (50ms)
				AfterProcessingInitializeOnLoad (2ms)
				EditorAssembliesLoaded (0ms)
			ExecutionOrderSort2 (0ms)
			AwakeInstancesAfterBackupRestoration (9ms)
Platform modules already initialized, skipping
========================================================================
Worker process is ready to serve import requests
Launching external process: /Applications/Unity/Hub/Editor/2020.3.16f1/Unity.app/Contents/Tools/UnityShaderCompiler
Launched and connected shader compiler UnityShaderCompiler after 0.05 seconds
Refreshing native plugins compatible for Editor in 1.14 ms, found 2 plugins.
Preloading 0 native plugins for Editor in 0.00 ms.
Unloading 2034 Unused Serialized files (Serialized files now loaded: 0)
System memory in use before: 165.6 MB.
System memory in use after: 165.7 MB.

Unloading 58 unused Assets to reduce memory usage. Loaded Objects now: 2443.
Total: 6.851677 ms (FindLiveObjects: 0.242471 ms CreateObjectMapping: 0.079032 ms MarkObjects: 6.451154 ms  DeleteObjects: 0.077874 ms)

AssetImportParameters requested are different than current active one (requested -> active):
  custom:video-decoder-ogg-theora: a1e56fd34408186e4bbccfd4996cb3dc -> 
  custom:container-muxer-webm: aa71ff27fc2769a1b78a27578f13a17b -> 
  custom:container-demuxer-webm: 4f35f7cbe854078d1ac9338744f61a02 -> 
  custom:container-demuxer-ogg: 62fdf1f143b41e24485cea50d1cbac27 -> 
  custom:video-encoder-webm-vp8: eb34c28f22e8b96e1ab97ce403110664 -> 
  custom:framework-osx-AVFoundation: b23960f63f64bdc6ff669e2cdcee2391 -> 
  custom:video-decoder-webm-vp8: 9c59270c3fd7afecdb556c50c9e8de78 -> 
  custom:audio-decoder-ogg-vorbis: bf7c407c2cedff20999df2af8eb42d56 -> 
  custom:audio-encoder-webm-vorbis: bf7c407c2cedff20999df2af8eb42d56 -> 
========================================================================
Received Import Request.
  path: Assets/Standard Assets/CrossPlatformInput/Sprites/ButtonBrakeUpSprite.png
  artifactKey: Guid(827c9cd4a3943534f909ac6473e17288) Importer(815301076,1909f56bfc062723c751e8b465ee728b)
Start importing Assets/Standard Assets/CrossPlatformInput/Sprites/ButtonBrakeUpSprite.png using Guid(827c9cd4a3943534f909ac6473e17288) Importer(815301076,1909f56bfc062723c751e8b465ee728b)  -> (artifact id: '0b0fb99122e223eda4c3282de981c768') in 0.725651 seconds 
  Import took 0.730643 seconds .

========================================================================
Received Import Request.
  Time since last request: 0.000530 seconds.
  path: Assets/Standard Assets/CrossPlatformInput/Sprites/ButtonArrowOverSprite.png
  artifactKey: Guid(49b611e658efbf443b686a4036f74fe3) Importer(815301076,1909f56bfc062723c751e8b465ee728b)
Start importing Assets/Standard Assets/CrossPlatformInput/Sprites/ButtonArrowOverSprite.png using Guid(49b611e658efbf443b686a4036f74fe3) Importer(815301076,1909f56bfc062723c751e8b465ee728b)  -> (artifact id: '59ad20d293dabfa0924cefed46dae44e') in 0.018428 seconds 
  Import took 0.023586 seconds .

========================================================================
Received Import Request.
  Time since last request: 0.000356 seconds.
  path: Assets/Standard Assets/CrossPlatformInput/Sprites/ButtonBrakeOverSprite.png
  artifactKey: Guid(5b1a64ea234fb2343b8d0686c51280de) Importer(815301076,1909f56bfc062723c751e8b465ee728b)
Start importing Assets/Standard Assets/CrossPlatformInput/Sprites/ButtonBrakeOverSprite.png using Guid(5b1a64ea234fb2343b8d0686c51280de) Importer(815301076,1909f56bfc062723c751e8b465ee728b)  -> (artifact id: 'f09716f4407943d76067da5ccc87abef') in 0.011525 seconds 
  Import took 0.015969 seconds .

========================================================================
Received Import Request.
  Time since last request: 0.000418 seconds.
  path: Assets/Standard Assets/CrossPlatformInput/Sprites/ButtonResetSprite.png
  artifactKey: Guid(a94c9a7eb94ceec4a8d67a1890e22e51) Importer(815301076,1909f56bfc062723c751e8b465ee728b)
Start importing Assets/Standard Assets/CrossPlatformInput/Sprites/ButtonResetSprite.png using Guid(a94c9a7eb94ceec4a8d67a1890e22e51) Importer(815301076,1909f56bfc062723c751e8b465ee728b)  -> (artifact id: '885e66beef94ee9b0b5ed59e09b4805c') in 0.024349 seconds 
  Import took 0.030362 seconds .

========================================================================
Received Import Request.
  Time since last request: 0.000286 seconds.
  path: Assets/Standard Assets/CrossPlatformInput/Sprites/ButtonArrowUpSprite.png
  artifactKey: Guid(4db017495c69e8140a56a0e2b669e3f8) Importer(815301076,1909f56bfc062723c751e8b465ee728b)
Start importing Assets/Standard Assets/CrossPlatformInput/Sprites/ButtonArrowUpSprite.png using Guid(4db017495c69e8140a56a0e2b669e3f8) Importer(815301076,1909f56bfc062723c751e8b465ee728b)  -> (artifact id: 'e16b9d820017ca2f17c610fc44730083') in 0.011935 seconds 
  Import took 0.016468 seconds .

========================================================================
Received Import Request.
  Time since last request: 0.000292 seconds.
  path: Assets/Standard Assets/CrossPlatformInput/Sprites/ButtonAcceleratorOverSprite.png
  artifactKey: Guid(eb5f6e2757c821940b69cf1456f7865a) Importer(815301076,1909f56bfc062723c751e8b465ee728b)
Start importing Assets/Standard Assets/CrossPlatformInput/Sprites/ButtonAcceleratorOverSprite.png using Guid(eb5f6e2757c821940b69cf1456f7865a) Importer(815301076,1909f56bfc062723c751e8b465ee728b)  -> (artifact id: '9f2c1b8343f5746424f04c275ae4dc23') in 0.016020 seconds 
  Import took 0.020845 seconds .

========================================================================
Received Import Request.
  Time since last request: 0.000232 seconds.
  path: Assets/Standard Assets/CrossPlatformInput/Sprites/ButtonCameraCycleUpSprite.png
  artifactKey: Guid(a3983c59ebf804b4abba687bd7c9e92f) Importer(815301076,1909f56bfc062723c751e8b465ee728b)
Start importing Assets/Standard Assets/CrossPlatformInput/Sprites/ButtonCameraCycleUpSprite.png using Guid(a3983c59ebf804b4abba687bd7c9e92f) Importer(815301076,1909f56bfc062723c751e8b465ee728b)  -> (artifact id: 'fc77302b1efb4d1bc5c11bb307749db2') in 0.015353 seconds 
  Import took 0.020831 seconds .

========================================================================
Received Import Request.
  Time since last request: 0.000442 seconds.
  path: Assets/Standard Assets/CrossPlatformInput/Sprites/ButtonAcceleratorUpSprite.png
  artifactKey: Guid(f588d850485d0ae479d73cf3bd0b7b00) Importer(815301076,1909f56bfc062723c751e8b465ee728b)
Start importing Assets/Standard Assets/CrossPlatformInput/Sprites/ButtonAcceleratorUpSprite.png using Guid(f588d850485d0ae479d73cf3bd0b7b00) Importer(815301076,1909f56bfc062723c751e8b465ee728b)  -> (artifact id: '299f0564c6859dba15731b4a38c62e6b') in 0.023799 seconds 
  Import took 0.029025 seconds .

========================================================================
Received Prepare
Registering precompiled user dll's ...
Registered in 0.012762 seconds.
Begin MonoManager ReloadAssembly
Native extension for OSXStandalone target not found
Refreshing native plugins compatible for Editor in 0.80 ms, found 2 plugins.
Preloading 0 native plugins for Editor in 0.00 ms.
Mono: successfully reloaded assembly
- Completed reload, in  1.548 seconds
Domain Reload Profiling:
	ReloadAssembly (1549ms)
		BeginReloadAssembly (163ms)
			ExecutionOrderSort (0ms)
			DisableScriptedObjects (8ms)
			BackupInstance (0ms)
			ReleaseScriptingObjects (0ms)
			CreateAndSetChildDomain (82ms)
		EndReloadAssembly (1306ms)
			LoadAssemblies (171ms)
			RebuildTransferFunctionScriptingTraits (0ms)
			SetupTypeCache (403ms)
			ReleaseScriptCaches (1ms)
			RebuildScriptCaches (71ms)
			SetupLoadedEditorAssemblies (516ms)
				LogAssemblyErrors (0ms)
				InitializePlatformSupportModulesInManaged (6ms)
				SetLoadedEditorAssemblies (1ms)
				RefreshPlugins (1ms)
				BeforeProcessingInitializeOnLoad (96ms)
				ProcessInitializeOnLoadAttributes (365ms)
				ProcessInitializeOnLoadMethodAttributes (45ms)
				AfterProcessingInitializeOnLoad (1ms)
				EditorAssembliesLoaded (0ms)
			ExecutionOrderSort2 (0ms)
			AwakeInstancesAfterBackupRestoration (9ms)
Platform modules already initialized, skipping
Refreshing native plugins compatible for Editor in 1.53 ms, found 2 plugins.
Preloading 0 native plugins for Editor in 0.00 ms.
Unloading 2026 Unused Serialized files (Serialized files now loaded: 0)
System memory in use before: 173.0 MB.
System memory in use after: 173.1 MB.

Unloading 49 unused Assets to reduce memory usage. Loaded Objects now: 2451.
Total: 6.961097 ms (FindLiveObjects: 0.234496 ms CreateObjectMapping: 0.081908 ms MarkObjects: 6.615887 ms  DeleteObjects: 0.027636 ms)

AssetImportParameters requested are different than current active one (requested -> active):
  custom:video-decoder-ogg-theora: a1e56fd34408186e4bbccfd4996cb3dc -> 
  custom:container-muxer-webm: aa71ff27fc2769a1b78a27578f13a17b -> 
  custom:container-demuxer-webm: 4f35f7cbe854078d1ac9338744f61a02 -> 
  custom:container-demuxer-ogg: 62fdf1f143b41e24485cea50d1cbac27 -> 
  custom:video-encoder-webm-vp8: eb34c28f22e8b96e1ab97ce403110664 -> 
  custom:framework-osx-AVFoundation: b23960f63f64bdc6ff669e2cdcee2391 -> 
  custom:video-decoder-webm-vp8: 9c59270c3fd7afecdb556c50c9e8de78 -> 
  custom:audio-decoder-ogg-vorbis: bf7c407c2cedff20999df2af8eb42d56 -> 
  custom:audio-encoder-webm-vorbis: bf7c407c2cedff20999df2af8eb42d56 -> 
========================================================================
Received Import Request.
  Time since last request: 546.708862 seconds.
  path: Assets/Standard Assets/Fonts/OpenSans/OpenSansLight.ttf
  artifactKey: Guid(04a842e316b6f44bf8da702de26a8ed6) Importer(815301076,1909f56bfc062723c751e8b465ee728b)
Start importing Assets/Standard Assets/Fonts/OpenSans/OpenSansLight.ttf using Guid(04a842e316b6f44bf8da702de26a8ed6) Importer(815301076,1909f56bfc062723c751e8b465ee728b)  -> (artifact id: '13ede96b19a3a1f493c5fb48d9165f96') in 0.604060 seconds 
  Import took 0.609545 seconds .

========================================================================
Received Import Request.
  Time since last request: 0.000231 seconds.
  path: Assets/Standard Assets/Fonts/Unipix.ttf
  artifactKey: Guid(1f16052dfd5f6f54e94e97ecedd4c86b) Importer(815301076,1909f56bfc062723c751e8b465ee728b)
Start importing Assets/Standard Assets/Fonts/Unipix.ttf using Guid(1f16052dfd5f6f54e94e97ecedd4c86b) Importer(815301076,1909f56bfc062723c751e8b465ee728b)  -> (artifact id: '6af25e16993aceb947f8c08e7943abc2') in 0.013653 seconds 
  Import took 0.017844 seconds .

========================================================================
Received Import Request.
  Time since last request: 0.000332 seconds.
  path: Assets/Standard Assets/Fonts/OpenSans/OpenSansRegular.ttf
  artifactKey: Guid(b51a3e520f9164da198dc59c8acfccd6) Importer(815301076,1909f56bfc062723c751e8b465ee728b)
Start importing Assets/Standard Assets/Fonts/OpenSans/OpenSansRegular.ttf using Guid(b51a3e520f9164da198dc59c8acfccd6) Importer(815301076,1909f56bfc062723c751e8b465ee728b)  -> (artifact id: '732fbc397736392dbe97c8ab140ee56d') in 0.023194 seconds 
  Import took 0.027715 seconds .

========================================================================
Received Import Request.
  Time since last request: 0.000256 seconds.
  path: Assets/Standard Assets/Fonts/OpenSans/OpenSansSemibold.ttf
  artifactKey: Guid(01cd679a1b9ee48bf9c546f6ce2cb97e) Importer(815301076,1909f56bfc062723c751e8b465ee728b)
Start importing Assets/Standard Assets/Fonts/OpenSans/OpenSansSemibold.ttf using Guid(01cd679a1b9ee48bf9c546f6ce2cb97e) Importer(815301076,1909f56bfc062723c751e8b465ee728b)  -> (artifact id: 'cea232bf78cae752bc16a731e2cbf915') in 0.021135 seconds 
  Import took 0.025890 seconds .

========================================================================
Received Import Request.
  Time since last request: 0.000275 seconds.
  path: Assets/Dead Earth/Fonts/ZOMBIE.TTF
  artifactKey: Guid(d681b32c6ef408c4eb35034642863c04) Importer(815301076,1909f56bfc062723c751e8b465ee728b)
Start importing Assets/Dead Earth/Fonts/ZOMBIE.TTF using Guid(d681b32c6ef408c4eb35034642863c04) Importer(815301076,1909f56bfc062723c751e8b465ee728b)  -> (artifact id: '310a1cb8acce9568098ca33642a0732c') in 0.374267 seconds 
  Import took 0.381740 seconds .

========================================================================
Received Import Request.
  Time since last request: 0.266816 seconds.
  path: Assets/Standard Assets/Fonts/OpenSans/OpenSansBold.ttf
  artifactKey: Guid(87c316b602156405d92e616621658222) Importer(815301076,1909f56bfc062723c751e8b465ee728b)
Start importing Assets/Standard Assets/Fonts/OpenSans/OpenSansBold.ttf using Guid(87c316b602156405d92e616621658222) Importer(815301076,1909f56bfc062723c751e8b465ee728b)  -> (artifact id: '7e10166945e622193371db6ea7a525b7') in 0.012915 seconds 
  Import took 0.016840 seconds .

========================================================================
Received Prepare
Registering precompiled user dll's ...
Registered in 0.007107 seconds.
Begin MonoManager ReloadAssembly
Native extension for OSXStandalone target not found
Refreshing native plugins compatible for Editor in 0.79 ms, found 2 plugins.
Preloading 0 native plugins for Editor in 0.00 ms.
Mono: successfully reloaded assembly
- Completed reload, in  1.593 seconds
Domain Reload Profiling:
	ReloadAssembly (1594ms)
		BeginReloadAssembly (160ms)
			ExecutionOrderSort (0ms)
			DisableScriptedObjects (7ms)
			BackupInstance (0ms)
			ReleaseScriptingObjects (0ms)
			CreateAndSetChildDomain (84ms)
		EndReloadAssembly (1354ms)
			LoadAssemblies (127ms)
			RebuildTransferFunctionScriptingTraits (0ms)
			SetupTypeCache (423ms)
			ReleaseScriptCaches (1ms)
			RebuildScriptCaches (88ms)
			SetupLoadedEditorAssemblies (560ms)
				LogAssemblyErrors (0ms)
				InitializePlatformSupportModulesInManaged (6ms)
				SetLoadedEditorAssemblies (1ms)
				RefreshPlugins (1ms)
				BeforeProcessingInitializeOnLoad (96ms)
				ProcessInitializeOnLoadAttributes (382ms)
				ProcessInitializeOnLoadMethodAttributes (72ms)
				AfterProcessingInitializeOnLoad (2ms)
				EditorAssembliesLoaded (0ms)
			ExecutionOrderSort2 (0ms)
			AwakeInstancesAfterBackupRestoration (9ms)
Platform modules already initialized, skipping
Refreshing native plugins compatible for Editor in 1.13 ms, found 2 plugins.
Preloading 0 native plugins for Editor in 0.00 ms.
Unloading 2026 Unused Serialized files (Serialized files now loaded: 0)
System memory in use before: 182.4 MB.
System memory in use after: 182.5 MB.

Unloading 49 unused Assets to reduce memory usage. Loaded Objects now: 2494.
Total: 7.135360 ms (FindLiveObjects: 0.287567 ms CreateObjectMapping: 0.077243 ms MarkObjects: 6.738515 ms  DeleteObjects: 0.030611 ms)

AssetImportParameters requested are different than current active one (requested -> active):
  custom:video-decoder-ogg-theora: a1e56fd34408186e4bbccfd4996cb3dc -> 
  custom:container-muxer-webm: aa71ff27fc2769a1b78a27578f13a17b -> 
  custom:container-demuxer-webm: 4f35f7cbe854078d1ac9338744f61a02 -> 
  custom:container-demuxer-ogg: 62fdf1f143b41e24485cea50d1cbac27 -> 
  custom:video-encoder-webm-vp8: eb34c28f22e8b96e1ab97ce403110664 -> 
  custom:framework-osx-AVFoundation: b23960f63f64bdc6ff669e2cdcee2391 -> 
  custom:video-decoder-webm-vp8: 9c59270c3fd7afecdb556c50c9e8de78 -> 
  custom:audio-decoder-ogg-vorbis: bf7c407c2cedff20999df2af8eb42d56 -> 
  custom:audio-encoder-webm-vorbis: bf7c407c2cedff20999df2af8eb42d56 -> 
========================================================================
Received Prepare
Registering precompiled user dll's ...
Registered in 0.003663 seconds.
Begin MonoManager ReloadAssembly
Native extension for OSXStandalone target not found
Refreshing native plugins compatible for Editor in 0.79 ms, found 2 plugins.
Preloading 0 native plugins for Editor in 0.00 ms.
Mono: successfully reloaded assembly
- Completed reload, in  1.500 seconds
Domain Reload Profiling:
	ReloadAssembly (1501ms)
		BeginReloadAssembly (147ms)
			ExecutionOrderSort (0ms)
			DisableScriptedObjects (8ms)
			BackupInstance (0ms)
			ReleaseScriptingObjects (0ms)
			CreateAndSetChildDomain (78ms)
		EndReloadAssembly (1268ms)
			LoadAssemblies (135ms)
			RebuildTransferFunctionScriptingTraits (0ms)
			SetupTypeCache (411ms)
			ReleaseScriptCaches (1ms)
			RebuildScriptCaches (71ms)
			SetupLoadedEditorAssemblies (507ms)
				LogAssemblyErrors (0ms)
				InitializePlatformSupportModulesInManaged (6ms)
				SetLoadedEditorAssemblies (1ms)
				RefreshPlugins (1ms)
				BeforeProcessingInitializeOnLoad (97ms)
				ProcessInitializeOnLoadAttributes (357ms)
				ProcessInitializeOnLoadMethodAttributes (44ms)
				AfterProcessingInitializeOnLoad (1ms)
				EditorAssembliesLoaded (0ms)
			ExecutionOrderSort2 (0ms)
			AwakeInstancesAfterBackupRestoration (9ms)
Platform modules already initialized, skipping
Refreshing native plugins compatible for Editor in 0.83 ms, found 2 plugins.
Preloading 0 native plugins for Editor in 0.00 ms.
Unloading 2026 Unused Serialized files (Serialized files now loaded: 0)
System memory in use before: 182.6 MB.
System memory in use after: 182.7 MB.

Unloading 49 unused Assets to reduce memory usage. Loaded Objects now: 2496.
Total: 6.819213 ms (FindLiveObjects: 0.228326 ms CreateObjectMapping: 0.077671 ms MarkObjects: 6.484624 ms  DeleteObjects: 0.027760 ms)

AssetImportParameters requested are different than current active one (requested -> active):
  custom:video-decoder-ogg-theora: a1e56fd34408186e4bbccfd4996cb3dc -> 
  custom:container-muxer-webm: aa71ff27fc2769a1b78a27578f13a17b -> 
  custom:container-demuxer-webm: 4f35f7cbe854078d1ac9338744f61a02 -> 
  custom:container-demuxer-ogg: 62fdf1f143b41e24485cea50d1cbac27 -> 
  custom:video-encoder-webm-vp8: eb34c28f22e8b96e1ab97ce403110664 -> 
  custom:framework-osx-AVFoundation: b23960f63f64bdc6ff669e2cdcee2391 -> 
  custom:video-decoder-webm-vp8: 9c59270c3fd7afecdb556c50c9e8de78 -> 
  custom:audio-decoder-ogg-vorbis: bf7c407c2cedff20999df2af8eb42d56 -> 
  custom:audio-encoder-webm-vorbis: bf7c407c2cedff20999df2af8eb42d56 -> 
========================================================================
Received Prepare
Registering precompiled user dll's ...
Registered in 0.008452 seconds.
Begin MonoManager ReloadAssembly
Native extension for OSXStandalone target not found
Refreshing native plugins compatible for Editor in 0.87 ms, found 2 plugins.
Preloading 0 native plugins for Editor in 0.00 ms.
Mono: successfully reloaded assembly
- Completed reload, in  1.538 seconds
Domain Reload Profiling:
	ReloadAssembly (1538ms)
		BeginReloadAssembly (154ms)
			ExecutionOrderSort (0ms)
			DisableScriptedObjects (8ms)
			BackupInstance (0ms)
			ReleaseScriptingObjects (0ms)
			CreateAndSetChildDomain (74ms)
		EndReloadAssembly (1304ms)
			LoadAssemblies (148ms)
			RebuildTransferFunctionScriptingTraits (0ms)
			SetupTypeCache (395ms)
			ReleaseScriptCaches (1ms)
			RebuildScriptCaches (74ms)
			SetupLoadedEditorAssemblies (539ms)
				LogAssemblyErrors (0ms)
				InitializePlatformSupportModulesInManaged (6ms)
				SetLoadedEditorAssemblies (1ms)
				RefreshPlugins (1ms)
				BeforeProcessingInitializeOnLoad (98ms)
				ProcessInitializeOnLoadAttributes (382ms)
				ProcessInitializeOnLoadMethodAttributes (49ms)
				AfterProcessingInitializeOnLoad (2ms)
				EditorAssembliesLoaded (0ms)
			ExecutionOrderSort2 (0ms)
			AwakeInstancesAfterBackupRestoration (9ms)
Platform modules already initialized, skipping
Refreshing native plugins compatible for Editor in 0.98 ms, found 2 plugins.
Preloading 0 native plugins for Editor in 0.00 ms.
Unloading 2026 Unused Serialized files (Serialized files now loaded: 0)
System memory in use before: 182.8 MB.
System memory in use after: 183.0 MB.

Unloading 49 unused Assets to reduce memory usage. Loaded Objects now: 2498.
Total: 8.031072 ms (FindLiveObjects: 0.250194 ms CreateObjectMapping: 0.080827 ms MarkObjects: 7.665533 ms  DeleteObjects: 0.033337 ms)

AssetImportParameters requested are different than current active one (requested -> active):
  custom:video-decoder-ogg-theora: a1e56fd34408186e4bbccfd4996cb3dc -> 
  custom:container-muxer-webm: aa71ff27fc2769a1b78a27578f13a17b -> 
  custom:container-demuxer-webm: 4f35f7cbe854078d1ac9338744f61a02 -> 
  custom:container-demuxer-ogg: 62fdf1f143b41e24485cea50d1cbac27 -> 
  custom:video-encoder-webm-vp8: eb34c28f22e8b96e1ab97ce403110664 -> 
  custom:framework-osx-AVFoundation: b23960f63f64bdc6ff669e2cdcee2391 -> 
  custom:video-decoder-webm-vp8: 9c59270c3fd7afecdb556c50c9e8de78 -> 
  custom:audio-decoder-ogg-vorbis: bf7c407c2cedff20999df2af8eb42d56 -> 
  custom:audio-encoder-webm-vorbis: bf7c407c2cedff20999df2af8eb42d56 -> 
========================================================================
Received Prepare
Registering precompiled user dll's ...
Registered in 0.007782 seconds.
Begin MonoManager ReloadAssembly
Native extension for OSXStandalone target not found
Refreshing native plugins compatible for Editor in 0.85 ms, found 2 plugins.
Preloading 0 native plugins for Editor in 0.00 ms.
Mono: successfully reloaded assembly
- Completed reload, in  1.570 seconds
Domain Reload Profiling:
	ReloadAssembly (1571ms)
		BeginReloadAssembly (162ms)
			ExecutionOrderSort (0ms)
			DisableScriptedObjects (11ms)
			BackupInstance (0ms)
			ReleaseScriptingObjects (0ms)
			CreateAndSetChildDomain (85ms)
		EndReloadAssembly (1329ms)
			LoadAssemblies (154ms)
			RebuildTransferFunctionScriptingTraits (0ms)
			SetupTypeCache (416ms)
			ReleaseScriptCaches (1ms)
			RebuildScriptCaches (74ms)
			SetupLoadedEditorAssemblies (532ms)
				LogAssemblyErrors (0ms)
				InitializePlatformSupportModulesInManaged (6ms)
				SetLoadedEditorAssemblies (1ms)
				RefreshPlugins (1ms)
				BeforeProcessingInitializeOnLoad (102ms)
				ProcessInitializeOnLoadAttributes (377ms)
				ProcessInitializeOnLoadMethodAttributes (45ms)
				AfterProcessingInitializeOnLoad (1ms)
				EditorAssembliesLoaded (0ms)
			ExecutionOrderSort2 (0ms)
			AwakeInstancesAfterBackupRestoration (9ms)
Platform modules already initialized, skipping
Refreshing native plugins compatible for Editor in 0.89 ms, found 2 plugins.
Preloading 0 native plugins for Editor in 0.00 ms.
Unloading 2026 Unused Serialized files (Serialized files now loaded: 0)
System memory in use before: 183.0 MB.
System memory in use after: 183.1 MB.

Unloading 49 unused Assets to reduce memory usage. Loaded Objects now: 2500.
Total: 7.605170 ms (FindLiveObjects: 0.341227 ms CreateObjectMapping: 0.094570 ms MarkObjects: 7.134284 ms  DeleteObjects: 0.033575 ms)

AssetImportParameters requested are different than current active one (requested -> active):
  custom:video-decoder-ogg-theora: a1e56fd34408186e4bbccfd4996cb3dc -> 
  custom:container-muxer-webm: aa71ff27fc2769a1b78a27578f13a17b -> 
  custom:container-demuxer-webm: 4f35f7cbe854078d1ac9338744f61a02 -> 
  custom:container-demuxer-ogg: 62fdf1f143b41e24485cea50d1cbac27 -> 
  custom:video-encoder-webm-vp8: eb34c28f22e8b96e1ab97ce403110664 -> 
  custom:framework-osx-AVFoundation: b23960f63f64bdc6ff669e2cdcee2391 -> 
  custom:video-decoder-webm-vp8: 9c59270c3fd7afecdb556c50c9e8de78 -> 
  custom:audio-decoder-ogg-vorbis: bf7c407c2cedff20999df2af8eb42d56 -> 
  custom:audio-encoder-webm-vorbis: bf7c407c2cedff20999df2af8eb42d56 -> 
========================================================================
Received Import Request.
  Time since last request: 813.455473 seconds.
  path: ProjectSettings/TagManager.asset
  artifactKey: Guid(00000000000000003000000000000000) Importer(815301076,1909f56bfc062723c751e8b465ee728b)
Start importing ProjectSettings/TagManager.asset using Guid(00000000000000003000000000000000) Importer(815301076,1909f56bfc062723c751e8b465ee728b)  -> (artifact id: '01ef2d452b7fd347e9091b10e596cbea') in 0.650931 seconds 
  Import took 0.658470 seconds .

========================================================================
Received Import Request.
  Time since last request: 39.589126 seconds.
  path: ProjectSettings/TagManager.asset
  artifactKey: Guid(00000000000000003000000000000000) Importer(815301076,1909f56bfc062723c751e8b465ee728b)
Start importing ProjectSettings/TagManager.asset using Guid(00000000000000003000000000000000) Importer(815301076,1909f56bfc062723c751e8b465ee728b)  -> (artifact id: '35f8b5d2c8f1aecf89b218f91ed2d545') in 0.012114 seconds 
  Import took 0.019723 seconds .

========================================================================
Received Prepare
Registering precompiled user dll's ...
Registered in 0.005434 seconds.
Begin MonoManager ReloadAssembly
Native extension for OSXStandalone target not found
Refreshing native plugins compatible for Editor in 1.25 ms, found 2 plugins.
Preloading 0 native plugins for Editor in 0.00 ms.
Mono: successfully reloaded assembly
- Completed reload, in  2.747 seconds
Domain Reload Profiling:
	ReloadAssembly (2748ms)
		BeginReloadAssembly (314ms)
			ExecutionOrderSort (0ms)
			DisableScriptedObjects (21ms)
			BackupInstance (0ms)
			ReleaseScriptingObjects (0ms)
			CreateAndSetChildDomain (171ms)
		EndReloadAssembly (2279ms)
			LoadAssemblies (188ms)
			RebuildTransferFunctionScriptingTraits (0ms)
			SetupTypeCache (742ms)
			ReleaseScriptCaches (2ms)
			RebuildScriptCaches (126ms)
			SetupLoadedEditorAssemblies (973ms)
				LogAssemblyErrors (0ms)
				InitializePlatformSupportModulesInManaged (12ms)
				SetLoadedEditorAssemblies (1ms)
				RefreshPlugins (1ms)
				BeforeProcessingInitializeOnLoad (192ms)
				ProcessInitializeOnLoadAttributes (680ms)
				ProcessInitializeOnLoadMethodAttributes (84ms)
				AfterProcessingInitializeOnLoad (3ms)
				EditorAssembliesLoaded (0ms)
			ExecutionOrderSort2 (0ms)
			AwakeInstancesAfterBackupRestoration (16ms)
Platform modules already initialized, skipping
Refreshing native plugins compatible for Editor in 1.04 ms, found 2 plugins.
Preloading 0 native plugins for Editor in 0.00 ms.
Unloading 2029 Unused Serialized files (Serialized files now loaded: 0)
System memory in use before: 187.6 MB.
System memory in use after: 187.7 MB.

Unloading 51 unused Assets to reduce memory usage. Loaded Objects now: 2505.
Total: 13.054039 ms (FindLiveObjects: 0.525268 ms CreateObjectMapping: 0.104848 ms MarkObjects: 12.370037 ms  DeleteObjects: 0.052289 ms)

AssetImportParameters requested are different than current active one (requested -> active):
  custom:video-decoder-ogg-theora: a1e56fd34408186e4bbccfd4996cb3dc -> 
  custom:container-muxer-webm: aa71ff27fc2769a1b78a27578f13a17b -> 
  custom:container-demuxer-webm: 4f35f7cbe854078d1ac9338744f61a02 -> 
  custom:container-demuxer-ogg: 62fdf1f143b41e24485cea50d1cbac27 -> 
  custom:video-encoder-webm-vp8: eb34c28f22e8b96e1ab97ce403110664 -> 
  custom:framework-osx-AVFoundation: b23960f63f64bdc6ff669e2cdcee2391 -> 
  custom:video-decoder-webm-vp8: 9c59270c3fd7afecdb556c50c9e8de78 -> 
  custom:audio-decoder-ogg-vorbis: bf7c407c2cedff20999df2af8eb42d56 -> 
  custom:audio-encoder-webm-vorbis: bf7c407c2cedff20999df2af8eb42d56 -> 
========================================================================
Received Prepare
Registering precompiled user dll's ...
Registered in 0.008659 seconds.
Begin MonoManager ReloadAssembly
Native extension for OSXStandalone target not found
Refreshing native plugins compatible for Editor in 1.13 ms, found 2 plugins.
Preloading 0 native plugins for Editor in 0.00 ms.
Mono: successfully reloaded assembly
- Completed reload, in  2.516 seconds
Domain Reload Profiling:
	ReloadAssembly (2518ms)
		BeginReloadAssembly (276ms)
			ExecutionOrderSort (0ms)
			DisableScriptedObjects (25ms)
			BackupInstance (0ms)
			ReleaseScriptingObjects (0ms)
			CreateAndSetChildDomain (141ms)
		EndReloadAssembly (2089ms)
			LoadAssemblies (221ms)
			RebuildTransferFunctionScriptingTraits (0ms)
			SetupTypeCache (683ms)
			ReleaseScriptCaches (2ms)
			RebuildScriptCaches (111ms)
			SetupLoadedEditorAssemblies (872ms)
				LogAssemblyErrors (0ms)
				InitializePlatformSupportModulesInManaged (8ms)
				SetLoadedEditorAssemblies (1ms)
				RefreshPlugins (1ms)
				BeforeProcessingInitializeOnLoad (173ms)
				ProcessInitializeOnLoadAttributes (617ms)
				ProcessInitializeOnLoadMethodAttributes (70ms)
				AfterProcessingInitializeOnLoad (2ms)
				EditorAssembliesLoaded (0ms)
			ExecutionOrderSort2 (0ms)
			AwakeInstancesAfterBackupRestoration (14ms)
Platform modules already initialized, skipping
Refreshing native plugins compatible for Editor in 1.58 ms, found 2 plugins.
Preloading 0 native plugins for Editor in 0.00 ms.
Unloading 2029 Unused Serialized files (Serialized files now loaded: 0)
System memory in use before: 187.7 MB.
System memory in use after: 187.8 MB.

Unloading 49 unused Assets to reduce memory usage. Loaded Objects now: 2507.
Total: 11.074416 ms (FindLiveObjects: 0.409458 ms CreateObjectMapping: 0.156205 ms MarkObjects: 10.439535 ms  DeleteObjects: 0.067923 ms)

AssetImportParameters requested are different than current active one (requested -> active):
  custom:video-decoder-ogg-theora: a1e56fd34408186e4bbccfd4996cb3dc -> 
  custom:container-muxer-webm: aa71ff27fc2769a1b78a27578f13a17b -> 
  custom:container-demuxer-webm: 4f35f7cbe854078d1ac9338744f61a02 -> 
  custom:container-demuxer-ogg: 62fdf1f143b41e24485cea50d1cbac27 -> 
  custom:video-encoder-webm-vp8: eb34c28f22e8b96e1ab97ce403110664 -> 
  custom:framework-osx-AVFoundation: b23960f63f64bdc6ff669e2cdcee2391 -> 
  custom:video-decoder-webm-vp8: 9c59270c3fd7afecdb556c50c9e8de78 -> 
  custom:audio-decoder-ogg-vorbis: bf7c407c2cedff20999df2af8eb42d56 -> 
  custom:audio-encoder-webm-vorbis: bf7c407c2cedff20999df2af8eb42d56 -> 
========================================================================
Received Prepare
Registering precompiled user dll's ...
Registered in 0.012892 seconds.
Begin MonoManager ReloadAssembly
Native extension for OSXStandalone target not found
Refreshing native plugins compatible for Editor in 1.20 ms, found 2 plugins.
Preloading 0 native plugins for Editor in 0.00 ms.
Mono: successfully reloaded assembly
- Completed reload, in  2.657 seconds
Domain Reload Profiling:
	ReloadAssembly (2660ms)
		BeginReloadAssembly (473ms)
			ExecutionOrderSort (0ms)
			DisableScriptedObjects (26ms)
			BackupInstance (0ms)
			ReleaseScriptingObjects (0ms)
			CreateAndSetChildDomain (270ms)
		EndReloadAssembly (2030ms)
			LoadAssemblies (240ms)
			RebuildTransferFunctionScriptingTraits (0ms)
			SetupTypeCache (634ms)
			ReleaseScriptCaches (2ms)
			RebuildScriptCaches (116ms)
			SetupLoadedEditorAssemblies (857ms)
				LogAssemblyErrors (0ms)
				InitializePlatformSupportModulesInManaged (9ms)
				SetLoadedEditorAssemblies (1ms)
				RefreshPlugins (1ms)
				BeforeProcessingInitializeOnLoad (177ms)
				ProcessInitializeOnLoadAttributes (578ms)
				ProcessInitializeOnLoadMethodAttributes (87ms)
				AfterProcessingInitializeOnLoad (2ms)
				EditorAssembliesLoaded (0ms)
			ExecutionOrderSort2 (0ms)
			AwakeInstancesAfterBackupRestoration (14ms)
Platform modules already initialized, skipping
Refreshing native plugins compatible for Editor in 1.28 ms, found 2 plugins.
Preloading 0 native plugins for Editor in 0.00 ms.
Unloading 2029 Unused Serialized files (Serialized files now loaded: 0)
System memory in use before: 188.0 MB.
System memory in use after: 188.1 MB.

Unloading 49 unused Assets to reduce memory usage. Loaded Objects now: 2509.
Total: 12.094202 ms (FindLiveObjects: 0.598655 ms CreateObjectMapping: 0.234175 ms MarkObjects: 11.209410 ms  DeleteObjects: 0.050387 ms)

AssetImportParameters requested are different than current active one (requested -> active):
  custom:video-decoder-ogg-theora: a1e56fd34408186e4bbccfd4996cb3dc -> 
  custom:container-muxer-webm: aa71ff27fc2769a1b78a27578f13a17b -> 
  custom:container-demuxer-webm: 4f35f7cbe854078d1ac9338744f61a02 -> 
  custom:container-demuxer-ogg: 62fdf1f143b41e24485cea50d1cbac27 -> 
  custom:video-encoder-webm-vp8: eb34c28f22e8b96e1ab97ce403110664 -> 
  custom:framework-osx-AVFoundation: b23960f63f64bdc6ff669e2cdcee2391 -> 
  custom:video-decoder-webm-vp8: 9c59270c3fd7afecdb556c50c9e8de78 -> 
  custom:audio-decoder-ogg-vorbis: bf7c407c2cedff20999df2af8eb42d56 -> 
  custom:audio-encoder-webm-vorbis: bf7c407c2cedff20999df2af8eb42d56 -> 
========================================================================
Received Prepare
Registering precompiled user dll's ...
Registered in 0.007640 seconds.
Begin MonoManager ReloadAssembly
Native extension for OSXStandalone target not found
Refreshing native plugins compatible for Editor in 0.90 ms, found 2 plugins.
Preloading 0 native plugins for Editor in 0.00 ms.
Mono: successfully reloaded assembly
- Completed reload, in  1.638 seconds
Domain Reload Profiling:
	ReloadAssembly (1639ms)
		BeginReloadAssembly (208ms)
			ExecutionOrderSort (0ms)
			DisableScriptedObjects (12ms)
			BackupInstance (0ms)
			ReleaseScriptingObjects (0ms)
			CreateAndSetChildDomain (108ms)
		EndReloadAssembly (1341ms)
			LoadAssemblies (148ms)
			RebuildTransferFunctionScriptingTraits (0ms)
			SetupTypeCache (410ms)
			ReleaseScriptCaches (1ms)
			RebuildScriptCaches (74ms)
			SetupLoadedEditorAssemblies (574ms)
				LogAssemblyErrors (0ms)
				InitializePlatformSupportModulesInManaged (5ms)
				SetLoadedEditorAssemblies (1ms)
				RefreshPlugins (1ms)
				BeforeProcessingInitializeOnLoad (99ms)
				ProcessInitializeOnLoadAttributes (421ms)
				ProcessInitializeOnLoadMethodAttributes (45ms)
				AfterProcessingInitializeOnLoad (1ms)
				EditorAssembliesLoaded (0ms)
			ExecutionOrderSort2 (0ms)
			AwakeInstancesAfterBackupRestoration (10ms)
Platform modules already initialized, skipping
Refreshing native plugins compatible for Editor in 1.18 ms, found 2 plugins.
Preloading 0 native plugins for Editor in 0.00 ms.
Unloading 2029 Unused Serialized files (Serialized files now loaded: 0)
System memory in use before: 188.1 MB.
System memory in use after: 188.2 MB.

Unloading 49 unused Assets to reduce memory usage. Loaded Objects now: 2511.
Total: 7.456809 ms (FindLiveObjects: 0.338253 ms CreateObjectMapping: 0.104947 ms MarkObjects: 6.980054 ms  DeleteObjects: 0.032440 ms)

AssetImportParameters requested are different than current active one (requested -> active):
  custom:video-decoder-ogg-theora: a1e56fd34408186e4bbccfd4996cb3dc -> 
  custom:container-muxer-webm: aa71ff27fc2769a1b78a27578f13a17b -> 
  custom:container-demuxer-webm: 4f35f7cbe854078d1ac9338744f61a02 -> 
  custom:container-demuxer-ogg: 62fdf1f143b41e24485cea50d1cbac27 -> 
  custom:video-encoder-webm-vp8: eb34c28f22e8b96e1ab97ce403110664 -> 
  custom:framework-osx-AVFoundation: b23960f63f64bdc6ff669e2cdcee2391 -> 
  custom:video-decoder-webm-vp8: 9c59270c3fd7afecdb556c50c9e8de78 -> 
  custom:audio-decoder-ogg-vorbis: bf7c407c2cedff20999df2af8eb42d56 -> 
  custom:audio-encoder-webm-vorbis: bf7c407c2cedff20999df2af8eb42d56 -> 
========================================================================
Received Prepare
Registering precompiled user dll's ...
Registered in 0.002820 seconds.
Begin MonoManager ReloadAssembly
Native extension for OSXStandalone target not found
Refreshing native plugins compatible for Editor in 0.86 ms, found 2 plugins.
Preloading 0 native plugins for Editor in 0.00 ms.
Mono: successfully reloaded assembly
- Completed reload, in  1.498 seconds
Domain Reload Profiling:
	ReloadAssembly (1499ms)
		BeginReloadAssembly (162ms)
			ExecutionOrderSort (0ms)
			DisableScriptedObjects (8ms)
			BackupInstance (0ms)
			ReleaseScriptingObjects (0ms)
			CreateAndSetChildDomain (81ms)
		EndReloadAssembly (1254ms)
			LoadAssemblies (88ms)
			RebuildTransferFunctionScriptingTraits (0ms)
			SetupTypeCache (408ms)
			ReleaseScriptCaches (1ms)
			RebuildScriptCaches (71ms)
			SetupLoadedEditorAssemblies (542ms)
				LogAssemblyErrors (0ms)
				InitializePlatformSupportModulesInManaged (6ms)
				SetLoadedEditorAssemblies (1ms)
				RefreshPlugins (1ms)
				BeforeProcessingInitializeOnLoad (105ms)
				ProcessInitializeOnLoadAttributes (382ms)
				ProcessInitializeOnLoadMethodAttributes (45ms)
				AfterProcessingInitializeOnLoad (1ms)
				EditorAssembliesLoaded (0ms)
			ExecutionOrderSort2 (0ms)
			AwakeInstancesAfterBackupRestoration (9ms)
Platform modules already initialized, skipping
Refreshing native plugins compatible for Editor in 0.79 ms, found 2 plugins.
Preloading 0 native plugins for Editor in 0.00 ms.
Unloading 2029 Unused Serialized files (Serialized files now loaded: 0)
System memory in use before: 188.3 MB.
System memory in use after: 188.5 MB.

Unloading 49 unused Assets to reduce memory usage. Loaded Objects now: 2513.
Total: 6.899465 ms (FindLiveObjects: 0.247606 ms CreateObjectMapping: 0.089222 ms MarkObjects: 6.533930 ms  DeleteObjects: 0.027598 ms)

AssetImportParameters requested are different than current active one (requested -> active):
  custom:video-decoder-ogg-theora: a1e56fd34408186e4bbccfd4996cb3dc -> 
  custom:container-muxer-webm: aa71ff27fc2769a1b78a27578f13a17b -> 
  custom:container-demuxer-webm: 4f35f7cbe854078d1ac9338744f61a02 -> 
  custom:container-demuxer-ogg: 62fdf1f143b41e24485cea50d1cbac27 -> 
  custom:video-encoder-webm-vp8: eb34c28f22e8b96e1ab97ce403110664 -> 
  custom:framework-osx-AVFoundation: b23960f63f64bdc6ff669e2cdcee2391 -> 
  custom:video-decoder-webm-vp8: 9c59270c3fd7afecdb556c50c9e8de78 -> 
  custom:audio-decoder-ogg-vorbis: bf7c407c2cedff20999df2af8eb42d56 -> 
  custom:audio-encoder-webm-vorbis: bf7c407c2cedff20999df2af8eb42d56 -> 
========================================================================
Received Prepare
Registering precompiled user dll's ...
Registered in 0.003616 seconds.
Begin MonoManager ReloadAssembly
Native extension for OSXStandalone target not found
Refreshing native plugins compatible for Editor in 0.83 ms, found 2 plugins.
Preloading 0 native plugins for Editor in 0.00 ms.
Mono: successfully reloaded assembly
- Completed reload, in  1.442 seconds
Domain Reload Profiling:
	ReloadAssembly (1443ms)
		BeginReloadAssembly (146ms)
			ExecutionOrderSort (0ms)
			DisableScriptedObjects (7ms)
			BackupInstance (0ms)
			ReleaseScriptingObjects (0ms)
			CreateAndSetChildDomain (74ms)
		EndReloadAssembly (1216ms)
			LoadAssemblies (84ms)
			RebuildTransferFunctionScriptingTraits (0ms)
			SetupTypeCache (398ms)
			ReleaseScriptCaches (1ms)
			RebuildScriptCaches (71ms)
			SetupLoadedEditorAssemblies (512ms)
				LogAssemblyErrors (0ms)
				InitializePlatformSupportModulesInManaged (6ms)
				SetLoadedEditorAssemblies (1ms)
				RefreshPlugins (1ms)
				BeforeProcessingInitializeOnLoad (99ms)
				ProcessInitializeOnLoadAttributes (359ms)
				ProcessInitializeOnLoadMethodAttributes (44ms)
				AfterProcessingInitializeOnLoad (2ms)
				EditorAssembliesLoaded (0ms)
			ExecutionOrderSort2 (0ms)
			AwakeInstancesAfterBackupRestoration (10ms)
Platform modules already initialized, skipping
Refreshing native plugins compatible for Editor in 0.79 ms, found 2 plugins.
Preloading 0 native plugins for Editor in 0.00 ms.
Unloading 2029 Unused Serialized files (Serialized files now loaded: 0)
System memory in use before: 188.6 MB.
System memory in use after: 188.7 MB.

Unloading 49 unused Assets to reduce memory usage. Loaded Objects now: 2515.
Total: 7.272975 ms (FindLiveObjects: 0.254716 ms CreateObjectMapping: 0.088242 ms MarkObjects: 6.894019 ms  DeleteObjects: 0.034345 ms)

AssetImportParameters requested are different than current active one (requested -> active):
  custom:video-decoder-ogg-theora: a1e56fd34408186e4bbccfd4996cb3dc -> 
  custom:container-muxer-webm: aa71ff27fc2769a1b78a27578f13a17b -> 
  custom:container-demuxer-webm: 4f35f7cbe854078d1ac9338744f61a02 -> 
  custom:container-demuxer-ogg: 62fdf1f143b41e24485cea50d1cbac27 -> 
  custom:video-encoder-webm-vp8: eb34c28f22e8b96e1ab97ce403110664 -> 
  custom:framework-osx-AVFoundation: b23960f63f64bdc6ff669e2cdcee2391 -> 
  custom:video-decoder-webm-vp8: 9c59270c3fd7afecdb556c50c9e8de78 -> 
  custom:audio-decoder-ogg-vorbis: bf7c407c2cedff20999df2af8eb42d56 -> 
  custom:audio-encoder-webm-vorbis: bf7c407c2cedff20999df2af8eb42d56 -> 
========================================================================
Received Import Request.
  Time since last request: 1865.650515 seconds.
  path: Assets/Dead Earth/Prefabs/prop_barrel_013.prefab
  artifactKey: Guid(f15a9ef53bd4d46eb85e597dbd0801c1) Importer(815301076,1909f56bfc062723c751e8b465ee728b)
Start importing Assets/Dead Earth/Prefabs/prop_barrel_013.prefab using Guid(f15a9ef53bd4d46eb85e597dbd0801c1) Importer(815301076,1909f56bfc062723c751e8b465ee728b)  -> (artifact id: 'e63dfa43ff4f0990be29950746614e48') in 0.429265 seconds 
  Import took 0.434165 seconds .

========================================================================
Received Import Request.
  Time since last request: 13.702413 seconds.
  path: Assets/Dead Earth/Prefabs/Cannister_Closed.prefab
  artifactKey: Guid(f15a9ef53bd4d46eb85e597dbd0801c1) Importer(815301076,1909f56bfc062723c751e8b465ee728b)
Start importing Assets/Dead Earth/Prefabs/Cannister_Closed.prefab using Guid(f15a9ef53bd4d46eb85e597dbd0801c1) Importer(815301076,1909f56bfc062723c751e8b465ee728b)  -> (artifact id: 'f9961d71359472b03556db2588cdc6ae') in 0.019702 seconds 
  Import took 0.024480 seconds .

========================================================================
Received Prepare
Registering precompiled user dll's ...
Registered in 0.003146 seconds.
Begin MonoManager ReloadAssembly
Native extension for OSXStandalone target not found
Refreshing native plugins compatible for Editor in 0.83 ms, found 2 plugins.
Preloading 0 native plugins for Editor in 0.00 ms.
Mono: successfully reloaded assembly
- Completed reload, in  1.465 seconds
Domain Reload Profiling:
	ReloadAssembly (1465ms)
		BeginReloadAssembly (156ms)
			ExecutionOrderSort (0ms)
			DisableScriptedObjects (7ms)
			BackupInstance (0ms)
			ReleaseScriptingObjects (0ms)
			CreateAndSetChildDomain (82ms)
		EndReloadAssembly (1230ms)
			LoadAssemblies (85ms)
			RebuildTransferFunctionScriptingTraits (0ms)
			SetupTypeCache (399ms)
			ReleaseScriptCaches (1ms)
			RebuildScriptCaches (73ms)
			SetupLoadedEditorAssemblies (528ms)
				LogAssemblyErrors (0ms)
				InitializePlatformSupportModulesInManaged (6ms)
				SetLoadedEditorAssemblies (1ms)
				RefreshPlugins (1ms)
				BeforeProcessingInitializeOnLoad (95ms)
				ProcessInitializeOnLoadAttributes (379ms)
				ProcessInitializeOnLoadMethodAttributes (45ms)
				AfterProcessingInitializeOnLoad (1ms)
				EditorAssembliesLoaded (0ms)
			ExecutionOrderSort2 (0ms)
			AwakeInstancesAfterBackupRestoration (9ms)
Platform modules already initialized, skipping
Refreshing native plugins compatible for Editor in 0.81 ms, found 2 plugins.
Preloading 0 native plugins for Editor in 0.00 ms.
Unloading 2029 Unused Serialized files (Serialized files now loaded: 0)
System memory in use before: 192.6 MB.
System memory in use after: 192.7 MB.

Unloading 49 unused Assets to reduce memory usage. Loaded Objects now: 2518.
Total: 7.127741 ms (FindLiveObjects: 0.270114 ms CreateObjectMapping: 0.065658 ms MarkObjects: 6.758751 ms  DeleteObjects: 0.031968 ms)

AssetImportParameters requested are different than current active one (requested -> active):
  custom:video-decoder-ogg-theora: a1e56fd34408186e4bbccfd4996cb3dc -> 
  custom:container-muxer-webm: aa71ff27fc2769a1b78a27578f13a17b -> 
  custom:container-demuxer-webm: 4f35f7cbe854078d1ac9338744f61a02 -> 
  custom:container-demuxer-ogg: 62fdf1f143b41e24485cea50d1cbac27 -> 
  custom:video-encoder-webm-vp8: eb34c28f22e8b96e1ab97ce403110664 -> 
  custom:framework-osx-AVFoundation: b23960f63f64bdc6ff669e2cdcee2391 -> 
  custom:video-decoder-webm-vp8: 9c59270c3fd7afecdb556c50c9e8de78 -> 
  custom:audio-decoder-ogg-vorbis: bf7c407c2cedff20999df2af8eb42d56 -> 
  custom:audio-encoder-webm-vorbis: bf7c407c2cedff20999df2af8eb42d56 -> 
========================================================================
Received Prepare
Registering precompiled user dll's ...
Registered in 0.007369 seconds.
Begin MonoManager ReloadAssembly
Native extension for OSXStandalone target not found
Refreshing native plugins compatible for Editor in 0.80 ms, found 2 plugins.
Preloading 0 native plugins for Editor in 0.00 ms.
Mono: successfully reloaded assembly
- Completed reload, in  1.500 seconds
Domain Reload Profiling:
	ReloadAssembly (1501ms)
		BeginReloadAssembly (151ms)
			ExecutionOrderSort (0ms)
			DisableScriptedObjects (7ms)
			BackupInstance (0ms)
			ReleaseScriptingObjects (0ms)
			CreateAndSetChildDomain (74ms)
		EndReloadAssembly (1270ms)
			LoadAssemblies (147ms)
			RebuildTransferFunctionScriptingTraits (0ms)
			SetupTypeCache (388ms)
			ReleaseScriptCaches (1ms)
			RebuildScriptCaches (71ms)
			SetupLoadedEditorAssemblies (517ms)
				LogAssemblyErrors (0ms)
				InitializePlatformSupportModulesInManaged (6ms)
				SetLoadedEditorAssemblies (1ms)
				RefreshPlugins (1ms)
				BeforeProcessingInitializeOnLoad (97ms)
				ProcessInitializeOnLoadAttributes (368ms)
				ProcessInitializeOnLoadMethodAttributes (44ms)
				AfterProcessingInitializeOnLoad (1ms)
				EditorAssembliesLoaded (0ms)
			ExecutionOrderSort2 (0ms)
			AwakeInstancesAfterBackupRestoration (9ms)
Platform modules already initialized, skipping
Refreshing native plugins compatible for Editor in 0.90 ms, found 2 plugins.
Preloading 0 native plugins for Editor in 0.00 ms.
Unloading 2029 Unused Serialized files (Serialized files now loaded: 0)
System memory in use before: 192.9 MB.
System memory in use after: 193.0 MB.

Unloading 49 unused Assets to reduce memory usage. Loaded Objects now: 2520.
Total: 6.900903 ms (FindLiveObjects: 0.233500 ms CreateObjectMapping: 0.073603 ms MarkObjects: 6.565303 ms  DeleteObjects: 0.027392 ms)

AssetImportParameters requested are different than current active one (requested -> active):
  custom:video-decoder-ogg-theora: a1e56fd34408186e4bbccfd4996cb3dc -> 
  custom:container-muxer-webm: aa71ff27fc2769a1b78a27578f13a17b -> 
  custom:container-demuxer-webm: 4f35f7cbe854078d1ac9338744f61a02 -> 
  custom:container-demuxer-ogg: 62fdf1f143b41e24485cea50d1cbac27 -> 
  custom:video-encoder-webm-vp8: eb34c28f22e8b96e1ab97ce403110664 -> 
  custom:framework-osx-AVFoundation: b23960f63f64bdc6ff669e2cdcee2391 -> 
  custom:video-decoder-webm-vp8: 9c59270c3fd7afecdb556c50c9e8de78 -> 
  custom:audio-decoder-ogg-vorbis: bf7c407c2cedff20999df2af8eb42d56 -> 
  custom:audio-encoder-webm-vorbis: bf7c407c2cedff20999df2af8eb42d56 -> 
========================================================================
Received Prepare
Registering precompiled user dll's ...
Registered in 0.004797 seconds.
Begin MonoManager ReloadAssembly
Native extension for OSXStandalone target not found
Refreshing native plugins compatible for Editor in 0.84 ms, found 2 plugins.
Preloading 0 native plugins for Editor in 0.00 ms.
Mono: successfully reloaded assembly
- Completed reload, in  1.463 seconds
Domain Reload Profiling:
	ReloadAssembly (1463ms)
		BeginReloadAssembly (152ms)
			ExecutionOrderSort (0ms)
			DisableScriptedObjects (8ms)
			BackupInstance (0ms)
			ReleaseScriptingObjects (0ms)
			CreateAndSetChildDomain (75ms)
		EndReloadAssembly (1228ms)
			LoadAssemblies (85ms)
			RebuildTransferFunctionScriptingTraits (0ms)
			SetupTypeCache (409ms)
			ReleaseScriptCaches (1ms)
			RebuildScriptCaches (74ms)
			SetupLoadedEditorAssemblies (509ms)
				LogAssemblyErrors (0ms)
				InitializePlatformSupportModulesInManaged (6ms)
				SetLoadedEditorAssemblies (1ms)
				RefreshPlugins (1ms)
				BeforeProcessingInitializeOnLoad (97ms)
				ProcessInitializeOnLoadAttributes (357ms)
				ProcessInitializeOnLoadMethodAttributes (46ms)
				AfterProcessingInitializeOnLoad (1ms)
				EditorAssembliesLoaded (0ms)
			ExecutionOrderSort2 (0ms)
			AwakeInstancesAfterBackupRestoration (9ms)
Platform modules already initialized, skipping
Refreshing native plugins compatible for Editor in 1.54 ms, found 2 plugins.
Preloading 0 native plugins for Editor in 0.00 ms.
Unloading 2029 Unused Serialized files (Serialized files now loaded: 0)
System memory in use before: 193.0 MB.
System memory in use after: 193.1 MB.

Unloading 49 unused Assets to reduce memory usage. Loaded Objects now: 2522.
Total: 6.805819 ms (FindLiveObjects: 0.230881 ms CreateObjectMapping: 0.072111 ms MarkObjects: 6.473390 ms  DeleteObjects: 0.027971 ms)

AssetImportParameters requested are different than current active one (requested -> active):
  custom:video-decoder-ogg-theora: a1e56fd34408186e4bbccfd4996cb3dc -> 
  custom:container-muxer-webm: aa71ff27fc2769a1b78a27578f13a17b -> 
  custom:container-demuxer-webm: 4f35f7cbe854078d1ac9338744f61a02 -> 
  custom:container-demuxer-ogg: 62fdf1f143b41e24485cea50d1cbac27 -> 
  custom:video-encoder-webm-vp8: eb34c28f22e8b96e1ab97ce403110664 -> 
  custom:framework-osx-AVFoundation: b23960f63f64bdc6ff669e2cdcee2391 -> 
  custom:video-decoder-webm-vp8: 9c59270c3fd7afecdb556c50c9e8de78 -> 
  custom:audio-decoder-ogg-vorbis: bf7c407c2cedff20999df2af8eb42d56 -> 
  custom:audio-encoder-webm-vorbis: bf7c407c2cedff20999df2af8eb42d56 -> 
========================================================================
Received Import Request.
  Time since last request: 423.262738 seconds.
  path: ProjectSettings/TagManager.asset
  artifactKey: Guid(00000000000000003000000000000000) Importer(815301076,1909f56bfc062723c751e8b465ee728b)
Start importing ProjectSettings/TagManager.asset using Guid(00000000000000003000000000000000) Importer(815301076,1909f56bfc062723c751e8b465ee728b)  -> (artifact id: 'bf0b987012c73c2465edc9615aa568e5') in 0.028574 seconds 
  Import took 0.034893 seconds .

========================================================================
Received Prepare
Registering precompiled user dll's ...
Registered in 0.003170 seconds.
Begin MonoManager ReloadAssembly
Native extension for OSXStandalone target not found
Refreshing native plugins compatible for Editor in 0.83 ms, found 2 plugins.
Preloading 0 native plugins for Editor in 0.00 ms.
Mono: successfully reloaded assembly
- Completed reload, in  1.429 seconds
Domain Reload Profiling:
	ReloadAssembly (1430ms)
		BeginReloadAssembly (143ms)
			ExecutionOrderSort (0ms)
			DisableScriptedObjects (7ms)
			BackupInstance (0ms)
			ReleaseScriptingObjects (0ms)
			CreateAndSetChildDomain (70ms)
		EndReloadAssembly (1208ms)
			LoadAssemblies (84ms)
			RebuildTransferFunctionScriptingTraits (0ms)
			SetupTypeCache (397ms)
			ReleaseScriptCaches (1ms)
			RebuildScriptCaches (70ms)
			SetupLoadedEditorAssemblies (511ms)
				LogAssemblyErrors (0ms)
				InitializePlatformSupportModulesInManaged (5ms)
				SetLoadedEditorAssemblies (1ms)
				RefreshPlugins (1ms)
				BeforeProcessingInitializeOnLoad (95ms)
				ProcessInitializeOnLoadAttributes (363ms)
				ProcessInitializeOnLoadMethodAttributes (45ms)
				AfterProcessingInitializeOnLoad (2ms)
				EditorAssembliesLoaded (0ms)
			ExecutionOrderSort2 (0ms)
			AwakeInstancesAfterBackupRestoration (9ms)
Platform modules already initialized, skipping
Refreshing native plugins compatible for Editor in 0.94 ms, found 2 plugins.
Preloading 0 native plugins for Editor in 0.00 ms.
Unloading 2029 Unused Serialized files (Serialized files now loaded: 0)
System memory in use before: 193.3 MB.
System memory in use after: 193.4 MB.

Unloading 50 unused Assets to reduce memory usage. Loaded Objects now: 2524.
Total: 6.939003 ms (FindLiveObjects: 0.230095 ms CreateObjectMapping: 0.071478 ms MarkObjects: 6.603965 ms  DeleteObjects: 0.032269 ms)

AssetImportParameters requested are different than current active one (requested -> active):
  custom:video-decoder-ogg-theora: a1e56fd34408186e4bbccfd4996cb3dc -> 
  custom:container-muxer-webm: aa71ff27fc2769a1b78a27578f13a17b -> 
  custom:container-demuxer-webm: 4f35f7cbe854078d1ac9338744f61a02 -> 
  custom:container-demuxer-ogg: 62fdf1f143b41e24485cea50d1cbac27 -> 
  custom:video-encoder-webm-vp8: eb34c28f22e8b96e1ab97ce403110664 -> 
  custom:framework-osx-AVFoundation: b23960f63f64bdc6ff669e2cdcee2391 -> 
  custom:video-decoder-webm-vp8: 9c59270c3fd7afecdb556c50c9e8de78 -> 
  custom:audio-decoder-ogg-vorbis: bf7c407c2cedff20999df2af8eb42d56 -> 
  custom:audio-encoder-webm-vorbis: bf7c407c2cedff20999df2af8eb42d56 -> 
========================================================================
Received Import Request.
  Time since last request: 53.427906 seconds.
  path: Assets/Dead Earth/Prefabs/debris_030.prefab
  artifactKey: Guid(919b4e9d36d6744beb62f0b176ad253f) Importer(815301076,1909f56bfc062723c751e8b465ee728b)
Start importing Assets/Dead Earth/Prefabs/debris_030.prefab using Guid(919b4e9d36d6744beb62f0b176ad253f) Importer(815301076,1909f56bfc062723c751e8b465ee728b)  -> (artifact id: '95250da59ab9909e640ed09e4c686232') in 0.080813 seconds 
  Import took 0.084713 seconds .

========================================================================
Received Import Request.
  Time since last request: 8.499480 seconds.
  path: Assets/Dead Earth/Prefabs/Ammo_Box.prefab
  artifactKey: Guid(919b4e9d36d6744beb62f0b176ad253f) Importer(815301076,1909f56bfc062723c751e8b465ee728b)
Start importing Assets/Dead Earth/Prefabs/Ammo_Box.prefab using Guid(919b4e9d36d6744beb62f0b176ad253f) Importer(815301076,1909f56bfc062723c751e8b465ee728b)  -> (artifact id: '4bf923b08891908f9e26c8c152771992') in 0.014352 seconds 
  Import took 0.020604 seconds .

========================================================================
Received Prepare
Registering precompiled user dll's ...
Registered in 0.004667 seconds.
Begin MonoManager ReloadAssembly
Native extension for OSXStandalone target not found
Refreshing native plugins compatible for Editor in 1.64 ms, found 2 plugins.
Preloading 0 native plugins for Editor in 0.00 ms.
Mono: successfully reloaded assembly
- Completed reload, in  2.923 seconds
Domain Reload Profiling:
	ReloadAssembly (2925ms)
		BeginReloadAssembly (297ms)
			ExecutionOrderSort (0ms)
			DisableScriptedObjects (16ms)
			BackupInstance (0ms)
			ReleaseScriptingObjects (0ms)
			CreateAndSetChildDomain (172ms)
		EndReloadAssembly (2475ms)
			LoadAssemblies (174ms)
			RebuildTransferFunctionScriptingTraits (0ms)
			SetupTypeCache (819ms)
			ReleaseScriptCaches (2ms)
			RebuildScriptCaches (145ms)
			SetupLoadedEditorAssemblies (1049ms)
				LogAssemblyErrors (0ms)
				InitializePlatformSupportModulesInManaged (13ms)
				SetLoadedEditorAssemblies (1ms)
				RefreshPlugins (2ms)
				BeforeProcessingInitializeOnLoad (196ms)
				ProcessInitializeOnLoadAttributes (744ms)
				ProcessInitializeOnLoadMethodAttributes (90ms)
				AfterProcessingInitializeOnLoad (2ms)
				EditorAssembliesLoaded (0ms)
			ExecutionOrderSort2 (0ms)
			AwakeInstancesAfterBackupRestoration (19ms)
Platform modules already initialized, skipping
Refreshing native plugins compatible for Editor in 1.73 ms, found 2 plugins.
Preloading 0 native plugins for Editor in 0.00 ms.
Unloading 2029 Unused Serialized files (Serialized files now loaded: 0)
System memory in use before: 193.5 MB.
System memory in use after: 193.6 MB.

Unloading 49 unused Assets to reduce memory usage. Loaded Objects now: 2527.
Total: 11.686552 ms (FindLiveObjects: 0.749846 ms CreateObjectMapping: 0.164895 ms MarkObjects: 10.704477 ms  DeleteObjects: 0.065015 ms)

AssetImportParameters requested are different than current active one (requested -> active):
  custom:video-decoder-ogg-theora: a1e56fd34408186e4bbccfd4996cb3dc -> 
  custom:container-muxer-webm: aa71ff27fc2769a1b78a27578f13a17b -> 
  custom:container-demuxer-webm: 4f35f7cbe854078d1ac9338744f61a02 -> 
  custom:container-demuxer-ogg: 62fdf1f143b41e24485cea50d1cbac27 -> 
  custom:video-encoder-webm-vp8: eb34c28f22e8b96e1ab97ce403110664 -> 
  custom:framework-osx-AVFoundation: b23960f63f64bdc6ff669e2cdcee2391 -> 
  custom:video-decoder-webm-vp8: 9c59270c3fd7afecdb556c50c9e8de78 -> 
  custom:audio-decoder-ogg-vorbis: bf7c407c2cedff20999df2af8eb42d56 -> 
  custom:audio-encoder-webm-vorbis: bf7c407c2cedff20999df2af8eb42d56 -> 
========================================================================
Received Import Request.
  Time since last request: 418.315003 seconds.
  path: Assets/Dead Earth/Sounds/Audio Collections/Player Damage.asset
  artifactKey: Guid(43469f6cb3d5e744fb7c6611b32769b3) Importer(815301076,1909f56bfc062723c751e8b465ee728b)
Start importing Assets/Dead Earth/Sounds/Audio Collections/Player Damage.asset using Guid(43469f6cb3d5e744fb7c6611b32769b3) Importer(815301076,1909f56bfc062723c751e8b465ee728b)  -> (artifact id: '9a10f1b935d60b8469a065b89c05ad9f') in 0.022491 seconds 
  Import took 0.027013 seconds .

========================================================================
Received Import Request.
  Time since last request: 0.000348 seconds.
  path: Assets/Dead Earth/Sounds/Audio Collections/Zombie Alerted.asset
  artifactKey: Guid(4b79a71a57c84804e98f03f6c5499e8f) Importer(815301076,1909f56bfc062723c751e8b465ee728b)
Start importing Assets/Dead Earth/Sounds/Audio Collections/Zombie Alerted.asset using Guid(4b79a71a57c84804e98f03f6c5499e8f) Importer(815301076,1909f56bfc062723c751e8b465ee728b)  -> (artifact id: '5346c9c4a312be0202da96eddffe114d') in 0.004093 seconds 
  Import took 0.008472 seconds .

========================================================================
Received Import Request.
  Time since last request: 0.000220 seconds.
  path: Assets/Dead Earth/Sounds/Audio Collections/Zombie Pain.asset
  artifactKey: Guid(bf400893f4800f3448cbd93efce2a70a) Importer(815301076,1909f56bfc062723c751e8b465ee728b)
Start importing Assets/Dead Earth/Sounds/Audio Collections/Zombie Pain.asset using Guid(bf400893f4800f3448cbd93efce2a70a) Importer(815301076,1909f56bfc062723c751e8b465ee728b)  -> (artifact id: 'a1a9887863c2ec48939a863fbba08aaf') in 0.006033 seconds 
  Import took 0.009610 seconds .

========================================================================
Received Import Request.
  Time since last request: 0.000200 seconds.
  path: Assets/Dead Earth/Sounds/Audio Collections/Player Footsteps.asset
  artifactKey: Guid(05ae67c0887160a4681e2a246e139db1) Importer(815301076,1909f56bfc062723c751e8b465ee728b)
Start importing Assets/Dead Earth/Sounds/Audio Collections/Player Footsteps.asset using Guid(05ae67c0887160a4681e2a246e139db1) Importer(815301076,1909f56bfc062723c751e8b465ee728b)  -> (artifact id: '5fba41fe3011a836887e86915ce65998') in 0.014170 seconds 
  Import took 0.018089 seconds .

========================================================================
Received Import Request.
  Time since last request: 0.000257 seconds.
  path: Assets/Dead Earth/Sounds/Audio Collections/Zombie Footsteps.asset
  artifactKey: Guid(5835fa7321e7ef044adb2ca41c85779c) Importer(815301076,1909f56bfc062723c751e8b465ee728b)
Start importing Assets/Dead Earth/Sounds/Audio Collections/Zombie Footsteps.asset using Guid(5835fa7321e7ef044adb2ca41c85779c) Importer(815301076,1909f56bfc062723c751e8b465ee728b)  -> (artifact id: '84803978229d26cde49caebc64276488') in 0.005977 seconds 
  Import took 0.011338 seconds .

========================================================================
Received Import Request.
  Time since last request: 0.000553 seconds.
  path: Assets/Dead Earth/Sounds/Audio Collections/Player Damage.asset
  artifactKey: Guid(43469f6cb3d5e744fb7c6611b32769b3) Importer(815301076,1909f56bfc062723c751e8b465ee728b)
Start importing Assets/Dead Earth/Sounds/Audio Collections/Player Damage.asset using Guid(43469f6cb3d5e744fb7c6611b32769b3) Importer(815301076,1909f56bfc062723c751e8b465ee728b)  -> (artifact id: '9a10f1b935d60b8469a065b89c05ad9f') in 0.003069 seconds 
  Import took 0.007153 seconds .

========================================================================
Received Import Request.
  Time since last request: 0.000223 seconds.
  path: Assets/Dead Earth/Sounds/Audio Collections/Zombie Roaming.asset
  artifactKey: Guid(dd1e112bbcb769845af475f103bedea3) Importer(815301076,1909f56bfc062723c751e8b465ee728b)
Start importing Assets/Dead Earth/Sounds/Audio Collections/Zombie Roaming.asset using Guid(dd1e112bbcb769845af475f103bedea3) Importer(815301076,1909f56bfc062723c751e8b465ee728b)  -> (artifact id: 'd6680d2142d816737c1b556776e14450') in 0.013168 seconds 
  Import took 0.017134 seconds .

========================================================================
Received Import Request.
  Time since last request: 0.000297 seconds.
  path: Assets/Dead Earth/Sounds/Audio Collections/Player Pain.asset
  artifactKey: Guid(879a98bba5df86a43adcd57d6fff94f7) Importer(815301076,1909f56bfc062723c751e8b465ee728b)
Start importing Assets/Dead Earth/Sounds/Audio Collections/Player Pain.asset using Guid(879a98bba5df86a43adcd57d6fff94f7) Importer(815301076,1909f56bfc062723c751e8b465ee728b)  -> (artifact id: 'deaf5f2efd820a0cc08d120f752da480') in 0.009516 seconds 
  Import took 0.013894 seconds .

========================================================================
Received Import Request.
  Time since last request: 0.000272 seconds.
  path: Assets/Dead Earth/Sounds/Audio Collections/Zombie Feeding.asset
  artifactKey: Guid(08b1ea315eab1044a9fcf873a746c2df) Importer(815301076,1909f56bfc062723c751e8b465ee728b)
Start importing Assets/Dead Earth/Sounds/Audio Collections/Zombie Feeding.asset using Guid(08b1ea315eab1044a9fcf873a746c2df) Importer(815301076,1909f56bfc062723c751e8b465ee728b)  -> (artifact id: 'eb2e4591cbcbdcd27a1f88e512606f84') in 0.006300 seconds 
  Import took 0.010981 seconds .

========================================================================
Received Import Request.
  Time since last request: 251.838261 seconds.
  path: Assets/Dead Earth/Sounds/Audio Collections/Door Locked.asset
  artifactKey: Guid(bdee07b4949be4ed9b731eb2956ac584) Importer(815301076,1909f56bfc062723c751e8b465ee728b)
Start importing Assets/Dead Earth/Sounds/Audio Collections/Door Locked.asset using Guid(bdee07b4949be4ed9b731eb2956ac584) Importer(815301076,1909f56bfc062723c751e8b465ee728b)  -> (artifact id: 'c00b08c92b3ccb3ed6c2762800568be4') in 0.004917 seconds 
  Import took 0.009561 seconds .

========================================================================
Received Import Request.
  Time since last request: 43.654393 seconds.
  path: Assets/Audio Mixer.mixer
  artifactKey: Guid(b7a5031f76d49f741a192b12c5b37578) Importer(815301076,1909f56bfc062723c751e8b465ee728b)
Start importing Assets/Audio Mixer.mixer using Guid(b7a5031f76d49f741a192b12c5b37578) Importer(815301076,1909f56bfc062723c751e8b465ee728b)  -> (artifact id: '1f1fac438207badbfbbd274c3c356b39') in 0.120918 seconds 
  Import took 0.124595 seconds .

========================================================================
Received Import Request.
  Time since last request: 37.383556 seconds.
  path: Assets/Dead Earth/Sounds/Audio Collections/Door Locked.asset
  artifactKey: Guid(bdee07b4949be4ed9b731eb2956ac584) Importer(815301076,1909f56bfc062723c751e8b465ee728b)
Start importing Assets/Dead Earth/Sounds/Audio Collections/Door Locked.asset using Guid(bdee07b4949be4ed9b731eb2956ac584) Importer(815301076,1909f56bfc062723c751e8b465ee728b)  -> (artifact id: '7a1d6d8b880a249e07b12e16128bebe9') in 0.007113 seconds 
  Import took 0.012206 seconds .

========================================================================
Received Import Request.
  Time since last request: 26.588812 seconds.
  path: Assets/Dead Earth/Sounds/Audio Collections/Door Locked.asset
  artifactKey: Guid(bdee07b4949be4ed9b731eb2956ac584) Importer(815301076,1909f56bfc062723c751e8b465ee728b)
Start importing Assets/Dead Earth/Sounds/Audio Collections/Door Locked.asset using Guid(bdee07b4949be4ed9b731eb2956ac584) Importer(815301076,1909f56bfc062723c751e8b465ee728b)  -> (artifact id: '18818be941f7b7aa4c31e7cee1ee1b94') in 0.008291 seconds 
  Import took 0.014171 seconds .

========================================================================
Received Import Request.
  Time since last request: 59.978241 seconds.
  path: Assets/Dead Earth/Sounds/Scene Sounds/Computer Download.wav
  artifactKey: Guid(7724b41830c09034b8bd941aca6f18ef) Importer(815301076,1909f56bfc062723c751e8b465ee728b)
Start importing Assets/Dead Earth/Sounds/Scene Sounds/Computer Download.wav using Guid(7724b41830c09034b8bd941aca6f18ef) Importer(815301076,1909f56bfc062723c751e8b465ee728b)  -> (artifact id: '989e6e4534d96775381de2abba07ab6a') in 0.446983 seconds 
  Import took 0.450532 seconds .

========================================================================
Received Import Request.
  Time since last request: 0.000218 seconds.
  path: Assets/Dead Earth/Sounds/Player Sounds/Damage (8).wav
  artifactKey: Guid(44e3826a9767ced498204e60bf851c8b) Importer(815301076,1909f56bfc062723c751e8b465ee728b)
Start importing Assets/Dead Earth/Sounds/Player Sounds/Damage (8).wav using Guid(44e3826a9767ced498204e60bf851c8b) Importer(815301076,1909f56bfc062723c751e8b465ee728b)  -> (artifact id: 'dbc65e29166b3f75c4e46f2dc530c9c0') in 0.009753 seconds 
  Import took 0.013338 seconds .

========================================================================
Received Import Request.
  Time since last request: 0.000356 seconds.
  path: Assets/Dead Earth/Sounds/Player Sounds/Damage (3).wav
  artifactKey: Guid(4ea6c1332b7aa56429255536621b6331) Importer(815301076,1909f56bfc062723c751e8b465ee728b)
Start importing Assets/Dead Earth/Sounds/Player Sounds/Damage (3).wav using Guid(4ea6c1332b7aa56429255536621b6331) Importer(815301076,1909f56bfc062723c751e8b465ee728b)  -> (artifact id: '96baf9ac7cea9025000ca261d80e1b7a') in 0.011194 seconds 
  Import took 0.016471 seconds .

========================================================================
Received Import Request.
  Time since last request: 0.000265 seconds.
  path: Assets/Dead Earth/Sounds/Player Sounds/Damage (5).wav
  artifactKey: Guid(3604248fad230cb47be756608b2d4c43) Importer(815301076,1909f56bfc062723c751e8b465ee728b)
Start importing Assets/Dead Earth/Sounds/Player Sounds/Damage (5).wav using Guid(3604248fad230cb47be756608b2d4c43) Importer(815301076,1909f56bfc062723c751e8b465ee728b)  -> (artifact id: 'b446edcdecde8ce0132529180c35fa28') in 0.019766 seconds 
  Import took 0.024695 seconds .

========================================================================
Received Import Request.
  Time since last request: 0.000364 seconds.
  path: Assets/Dead Earth/Sounds/Player Sounds/Damage (2).wav
  artifactKey: Guid(adb07c05438b3564b9f2d929d6a5594f) Importer(815301076,1909f56bfc062723c751e8b465ee728b)
Start importing Assets/Dead Earth/Sounds/Player Sounds/Damage (2).wav using Guid(adb07c05438b3564b9f2d929d6a5594f) Importer(815301076,1909f56bfc062723c751e8b465ee728b)  -> (artifact id: '5a409716796da9beb9ceed9b8b5167b5') in 0.024134 seconds 
  Import took 0.028866 seconds .

========================================================================
Received Import Request.
  Time since last request: 0.000268 seconds.
  path: Assets/Dead Earth/Sounds/Player Sounds/Damage (7).wav
  artifactKey: Guid(fa507563536d8b248b36216f8c4827a6) Importer(815301076,1909f56bfc062723c751e8b465ee728b)
Start importing Assets/Dead Earth/Sounds/Player Sounds/Damage (7).wav using Guid(fa507563536d8b248b36216f8c4827a6) Importer(815301076,1909f56bfc062723c751e8b465ee728b)  -> (artifact id: '384ea0067508c6f18d720270523c4793') in 0.012880 seconds 
  Import took 0.017563 seconds .

========================================================================
Received Import Request.
  Time since last request: 0.000234 seconds.
  path: Assets/Dead Earth/Sounds/Player Sounds/Damage (4).wav
  artifactKey: Guid(8bb94964dfe976d43859bbd8df9430b1) Importer(815301076,1909f56bfc062723c751e8b465ee728b)
Start importing Assets/Dead Earth/Sounds/Player Sounds/Damage (4).wav using Guid(8bb94964dfe976d43859bbd8df9430b1) Importer(815301076,1909f56bfc062723c751e8b465ee728b)  -> (artifact id: '84174c37a1b7428ce421be485e40eea3') in 0.019808 seconds 
  Import took 0.025271 seconds .

========================================================================
Received Import Request.
  Time since last request: 0.000518 seconds.
  path: Assets/Dead Earth/Sounds/Player Sounds/Damage (6).wav
  artifactKey: Guid(355d3f812a5edc543a234d63085e48d6) Importer(815301076,1909f56bfc062723c751e8b465ee728b)
Start importing Assets/Dead Earth/Sounds/Player Sounds/Damage (6).wav using Guid(355d3f812a5edc543a234d63085e48d6) Importer(815301076,1909f56bfc062723c751e8b465ee728b)  -> (artifact id: '51da0b3e5e4b6d9422c0a7ffe31fb419') in 0.011592 seconds 
  Import took 0.016853 seconds .

========================================================================
Received Import Request.
  Time since last request: 0.001666 seconds.
  path: Assets/Dead Earth/Sounds/Player Sounds/Damage (6).wav
  artifactKey: Guid(355d3f812a5edc543a234d63085e48d6) Importer(815301076,1909f56bfc062723c751e8b465ee728b)
Start importing Assets/Dead Earth/Sounds/Player Sounds/Damage (6).wav using Guid(355d3f812a5edc543a234d63085e48d6) Importer(815301076,1909f56bfc062723c751e8b465ee728b)  -> (artifact id: '51da0b3e5e4b6d9422c0a7ffe31fb419') in 0.014080 seconds 
  Import took 0.020586 seconds .

========================================================================
Received Import Request.
  Time since last request: 81.707978 seconds.
  path: Assets/Dead Earth/Sounds/Scene Sounds
  artifactKey: Guid(1276af4c92bb7eb41b05305df194c0b1) Importer(815301076,1909f56bfc062723c751e8b465ee728b)
Start importing Assets/Dead Earth/Sounds/Scene Sounds using Guid(1276af4c92bb7eb41b05305df194c0b1) Importer(815301076,1909f56bfc062723c751e8b465ee728b)  -> (artifact id: 'c4f35a436802617000a163c31b4a34d7') in 0.003858 seconds 
  Import took 0.011321 seconds .

========================================================================
Received Import Request.
  Time since last request: 26.768228 seconds.
  path: Assets/Dead Earth/Sounds/Audio Collections/Door Locked.asset
  artifactKey: Guid(bdee07b4949be4ed9b731eb2956ac584) Importer(815301076,1909f56bfc062723c751e8b465ee728b)
Start importing Assets/Dead Earth/Sounds/Audio Collections/Door Locked.asset using Guid(bdee07b4949be4ed9b731eb2956ac584) Importer(815301076,1909f56bfc062723c751e8b465ee728b)  -> (artifact id: '167f2c0335f7cf3dc72b57f74e7c24e2') in 0.003199 seconds 
  Import took 0.007761 seconds .

========================================================================
Received Import Request.
  Time since last request: 46.138220 seconds.
  path: Assets/Dead Earth/Sounds/Message EQed.wav
  artifactKey: Guid(66ed2214d625d9e4bb6d6477bf9fc9d9) Importer(815301076,1909f56bfc062723c751e8b465ee728b)
Start importing Assets/Dead Earth/Sounds/Message EQed.wav using Guid(66ed2214d625d9e4bb6d6477bf9fc9d9) Importer(815301076,1909f56bfc062723c751e8b465ee728b)  -> (artifact id: 'baac12635448f2de6e23c682ab9d081e') in 0.018312 seconds 
  Import took 0.023792 seconds .

========================================================================
Received Import Request.
  Time since last request: 0.001088 seconds.
  path: Assets/Dead Earth/Sounds/Message EQed.wav
  artifactKey: Guid(66ed2214d625d9e4bb6d6477bf9fc9d9) Importer(815301076,1909f56bfc062723c751e8b465ee728b)
Start importing Assets/Dead Earth/Sounds/Message EQed.wav using Guid(66ed2214d625d9e4bb6d6477bf9fc9d9) Importer(815301076,1909f56bfc062723c751e8b465ee728b)  -> (artifact id: 'baac12635448f2de6e23c682ab9d081e') in 0.016429 seconds 
  Import took 0.022977 seconds .

========================================================================
Received Prepare
Registering precompiled user dll's ...
Registered in 0.011752 seconds.
Begin MonoManager ReloadAssembly
Native extension for OSXStandalone target not found
Refreshing native plugins compatible for Editor in 1.54 ms, found 2 plugins.
Preloading 0 native plugins for Editor in 0.00 ms.
Mono: successfully reloaded assembly
- Completed reload, in  2.818 seconds
Domain Reload Profiling:
	ReloadAssembly (2819ms)
		BeginReloadAssembly (352ms)
			ExecutionOrderSort (0ms)
			DisableScriptedObjects (22ms)
			BackupInstance (0ms)
			ReleaseScriptingObjects (0ms)
			CreateAndSetChildDomain (214ms)
		EndReloadAssembly (2321ms)
			LoadAssemblies (226ms)
			RebuildTransferFunctionScriptingTraits (0ms)
			SetupTypeCache (766ms)
			ReleaseScriptCaches (2ms)
			RebuildScriptCaches (144ms)
			SetupLoadedEditorAssemblies (936ms)
				LogAssemblyErrors (0ms)
				InitializePlatformSupportModulesInManaged (13ms)
				SetLoadedEditorAssemblies (1ms)
				RefreshPlugins (2ms)
				BeforeProcessingInitializeOnLoad (187ms)
				ProcessInitializeOnLoadAttributes (683ms)
				ProcessInitializeOnLoadMethodAttributes (49ms)
				AfterProcessingInitializeOnLoad (2ms)
				EditorAssembliesLoaded (0ms)
			ExecutionOrderSort2 (0ms)
			AwakeInstancesAfterBackupRestoration (9ms)
Platform modules already initialized, skipping
Refreshing native plugins compatible for Editor in 0.83 ms, found 2 plugins.
Preloading 0 native plugins for Editor in 0.00 ms.
Unloading 2029 Unused Serialized files (Serialized files now loaded: 0)
System memory in use before: 202.4 MB.
System memory in use after: 202.5 MB.

Unloading 49 unused Assets to reduce memory usage. Loaded Objects now: 2532.
Total: 9.573342 ms (FindLiveObjects: 0.276450 ms CreateObjectMapping: 0.086614 ms MarkObjects: 9.172021 ms  DeleteObjects: 0.036711 ms)

AssetImportParameters requested are different than current active one (requested -> active):
  custom:video-decoder-ogg-theora: a1e56fd34408186e4bbccfd4996cb3dc -> 
  custom:container-muxer-webm: aa71ff27fc2769a1b78a27578f13a17b -> 
  custom:container-demuxer-webm: 4f35f7cbe854078d1ac9338744f61a02 -> 
  custom:container-demuxer-ogg: 62fdf1f143b41e24485cea50d1cbac27 -> 
  custom:video-encoder-webm-vp8: eb34c28f22e8b96e1ab97ce403110664 -> 
  custom:framework-osx-AVFoundation: b23960f63f64bdc6ff669e2cdcee2391 -> 
  custom:video-decoder-webm-vp8: 9c59270c3fd7afecdb556c50c9e8de78 -> 
  custom:audio-decoder-ogg-vorbis: bf7c407c2cedff20999df2af8eb42d56 -> 
  custom:audio-encoder-webm-vorbis: bf7c407c2cedff20999df2af8eb42d56 -> 
========================================================================
Received Import Request.
  Time since last request: 70.679337 seconds.
  path: Assets/Dead Earth/Sounds/DoorSound_Locked.wav
  artifactKey: Guid(b25b9488b53b5492a8517013e68dafa4) Importer(815301076,1909f56bfc062723c751e8b465ee728b)
Start importing Assets/Dead Earth/Sounds/DoorSound_Locked.wav using Guid(b25b9488b53b5492a8517013e68dafa4) Importer(815301076,1909f56bfc062723c751e8b465ee728b)  -> (artifact id: 'fe362de4e6b21597b8f4373c79d97fae') in 0.063497 seconds 
  Import took 0.069467 seconds .

========================================================================
Received Prepare
Registering precompiled user dll's ...
Registered in 0.009655 seconds.
Begin MonoManager ReloadAssembly
Native extension for OSXStandalone target not found
Refreshing native plugins compatible for Editor in 0.80 ms, found 2 plugins.
Preloading 0 native plugins for Editor in 0.00 ms.
Mono: successfully reloaded assembly
- Completed reload, in  1.548 seconds
Domain Reload Profiling:
	ReloadAssembly (1548ms)
		BeginReloadAssembly (150ms)
			ExecutionOrderSort (0ms)
			DisableScriptedObjects (7ms)
			BackupInstance (0ms)
			ReleaseScriptingObjects (0ms)
			CreateAndSetChildDomain (74ms)
		EndReloadAssembly (1318ms)
			LoadAssemblies (148ms)
			RebuildTransferFunctionScriptingTraits (0ms)
			SetupTypeCache (403ms)
			ReleaseScriptCaches (1ms)
			RebuildScriptCaches (79ms)
			SetupLoadedEditorAssemblies (537ms)
				LogAssemblyErrors (0ms)
				InitializePlatformSupportModulesInManaged (6ms)
				SetLoadedEditorAssemblies (1ms)
				RefreshPlugins (1ms)
				BeforeProcessingInitializeOnLoad (95ms)
				ProcessInitializeOnLoadAttributes (388ms)
				ProcessInitializeOnLoadMethodAttributes (45ms)
				AfterProcessingInitializeOnLoad (1ms)
				EditorAssembliesLoaded (0ms)
			ExecutionOrderSort2 (0ms)
			AwakeInstancesAfterBackupRestoration (9ms)
Platform modules already initialized, skipping
Refreshing native plugins compatible for Editor in 0.92 ms, found 2 plugins.
Preloading 0 native plugins for Editor in 0.00 ms.
Unloading 2029 Unused Serialized files (Serialized files now loaded: 0)
System memory in use before: 202.5 MB.
System memory in use after: 202.7 MB.

Unloading 49 unused Assets to reduce memory usage. Loaded Objects now: 2535.
Total: 6.828390 ms (FindLiveObjects: 0.236222 ms CreateObjectMapping: 0.076030 ms MarkObjects: 6.486701 ms  DeleteObjects: 0.028128 ms)

AssetImportParameters requested are different than current active one (requested -> active):
  custom:video-decoder-ogg-theora: a1e56fd34408186e4bbccfd4996cb3dc -> 
  custom:container-muxer-webm: aa71ff27fc2769a1b78a27578f13a17b -> 
  custom:container-demuxer-webm: 4f35f7cbe854078d1ac9338744f61a02 -> 
  custom:container-demuxer-ogg: 62fdf1f143b41e24485cea50d1cbac27 -> 
  custom:video-encoder-webm-vp8: eb34c28f22e8b96e1ab97ce403110664 -> 
  custom:framework-osx-AVFoundation: b23960f63f64bdc6ff669e2cdcee2391 -> 
  custom:video-decoder-webm-vp8: 9c59270c3fd7afecdb556c50c9e8de78 -> 
  custom:audio-decoder-ogg-vorbis: bf7c407c2cedff20999df2af8eb42d56 -> 
  custom:audio-encoder-webm-vorbis: bf7c407c2cedff20999df2af8eb42d56 -> 
========================================================================
Received Import Request.
  Time since last request: 29.311727 seconds.
  path: Assets/Dead Earth/Sounds/Audio Collections
  artifactKey: Guid(18a1f84de24964d4bbfb55fbbeeca74c) Importer(815301076,1909f56bfc062723c751e8b465ee728b)
Start importing Assets/Dead Earth/Sounds/Audio Collections using Guid(18a1f84de24964d4bbfb55fbbeeca74c) Importer(815301076,1909f56bfc062723c751e8b465ee728b)  -> (artifact id: '859f0aee7084dd2e23cc50664e7ba27f') in 0.005506 seconds 
  Import took 0.010473 seconds .

========================================================================
Received Import Request.
  Time since last request: 13.891331 seconds.
  path: Assets/Dead Earth/Sounds/Player Sounds/Digital Pickup.wav
  artifactKey: Guid(7cfec228c1e3a6447bace300746daaa0) Importer(815301076,1909f56bfc062723c751e8b465ee728b)
Start importing Assets/Dead Earth/Sounds/Player Sounds/Digital Pickup.wav using Guid(7cfec228c1e3a6447bace300746daaa0) Importer(815301076,1909f56bfc062723c751e8b465ee728b)  -> (artifact id: 'b504a5d0e05b9e5c351372b22dd53882') in 0.056283 seconds 
  Import took 0.060084 seconds .

========================================================================
Received Import Request.
  Time since last request: 0.000194 seconds.
  path: Assets/Standard Assets/Characters/FirstPersonCharacter/Audio/Footstep01.wav
  artifactKey: Guid(42e65e088b3f4374e851b8dbd38f3df9) Importer(815301076,1909f56bfc062723c751e8b465ee728b)
Start importing Assets/Standard Assets/Characters/FirstPersonCharacter/Audio/Footstep01.wav using Guid(42e65e088b3f4374e851b8dbd38f3df9) Importer(815301076,1909f56bfc062723c751e8b465ee728b)  -> (artifact id: '505c9daa88e1645009bfbcfc34c92e03') in 0.021619 seconds 
  Import took 0.025587 seconds .

========================================================================
Received Import Request.
  Time since last request: 0.000242 seconds.
  path: Assets/Standard Assets/Characters/FirstPersonCharacter/Audio/Footstep03.wav
  artifactKey: Guid(5a9383dda6cabc047b7a297602e93eb4) Importer(815301076,1909f56bfc062723c751e8b465ee728b)
Start importing Assets/Standard Assets/Characters/FirstPersonCharacter/Audio/Footstep03.wav using Guid(5a9383dda6cabc047b7a297602e93eb4) Importer(815301076,1909f56bfc062723c751e8b465ee728b)  -> (artifact id: '874045771f6598b625d1e0c78c5c4918') in 0.010033 seconds 
  Import took 0.013840 seconds .

========================================================================
Received Import Request.
  Time since last request: 0.000281 seconds.
  path: Assets/Standard Assets/Characters/FirstPersonCharacter/Audio/Footstep02.wav
  artifactKey: Guid(8bc94ec6ed537e743b481638bdcd503d) Importer(815301076,1909f56bfc062723c751e8b465ee728b)
Start importing Assets/Standard Assets/Characters/FirstPersonCharacter/Audio/Footstep02.wav using Guid(8bc94ec6ed537e743b481638bdcd503d) Importer(815301076,1909f56bfc062723c751e8b465ee728b)  -> (artifact id: '99e80f4c4f166025113c4cc2acf18437') in 0.028655 seconds 
  Import took 0.034118 seconds .

========================================================================
Received Import Request.
  Time since last request: 0.000313 seconds.
  path: Assets/Standard Assets/Characters/FirstPersonCharacter/Audio/Footstep04.wav
  artifactKey: Guid(e9714160ce34f2b4ab63ff8c27bd68e1) Importer(815301076,1909f56bfc062723c751e8b465ee728b)
Start importing Assets/Standard Assets/Characters/FirstPersonCharacter/Audio/Footstep04.wav using Guid(e9714160ce34f2b4ab63ff8c27bd68e1) Importer(815301076,1909f56bfc062723c751e8b465ee728b)  -> (artifact id: 'fb5f386ab01fcb25efc23a69c1134b28') in 0.032519 seconds 
  Import took 0.037362 seconds .

========================================================================
Received Import Request.
  Time since last request: 0.000303 seconds.
  path: Assets/Dead Earth/Sounds/Player Sounds/Digital Pickup.wav
  artifactKey: Guid(7cfec228c1e3a6447bace300746daaa0) Importer(815301076,1909f56bfc062723c751e8b465ee728b)
Start importing Assets/Dead Earth/Sounds/Player Sounds/Digital Pickup.wav using Guid(7cfec228c1e3a6447bace300746daaa0) Importer(815301076,1909f56bfc062723c751e8b465ee728b)  -> (artifact id: 'b504a5d0e05b9e5c351372b22dd53882') in 0.009210 seconds 
  Import took 0.016431 seconds .

========================================================================
Received Import Request.
  Time since last request: 0.000432 seconds.
  path: Assets/Dead Earth/Sounds/Scene Sounds/Elevator Activator.wav
  artifactKey: Guid(322fd9413f2f03c4bbc89de8ca6462e3) Importer(815301076,1909f56bfc062723c751e8b465ee728b)
Start importing Assets/Dead Earth/Sounds/Scene Sounds/Elevator Activator.wav using Guid(322fd9413f2f03c4bbc89de8ca6462e3) Importer(815301076,1909f56bfc062723c751e8b465ee728b)  -> (artifact id: 'ad6db7fc6fe4584b6eef46c2d5021548') in 0.012725 seconds 
  Import took 0.019196 seconds .

========================================================================
Received Import Request.
  Time since last request: 0.000240 seconds.
  path: Assets/Dead Earth/Sounds/Scene Sounds/Generator Button.wav
  artifactKey: Guid(507f33b38d004774c90ae627d56b17b4) Importer(815301076,1909f56bfc062723c751e8b465ee728b)
Start importing Assets/Dead Earth/Sounds/Scene Sounds/Generator Button.wav using Guid(507f33b38d004774c90ae627d56b17b4) Importer(815301076,1909f56bfc062723c751e8b465ee728b)  -> (artifact id: '877811d446920725237510437e81791f') in 0.010410 seconds 
  Import took 0.013934 seconds .

========================================================================
Received Import Request.
  Time since last request: 0.000229 seconds.
  path: Assets/Standard Assets/Characters/FirstPersonCharacter/Audio/Footstep04.wav
  artifactKey: Guid(e9714160ce34f2b4ab63ff8c27bd68e1) Importer(815301076,1909f56bfc062723c751e8b465ee728b)
Start importing Assets/Standard Assets/Characters/FirstPersonCharacter/Audio/Footstep04.wav using Guid(e9714160ce34f2b4ab63ff8c27bd68e1) Importer(815301076,1909f56bfc062723c751e8b465ee728b)  -> (artifact id: 'fb5f386ab01fcb25efc23a69c1134b28') in 0.007034 seconds 
  Import took 0.010727 seconds .

========================================================================
Received Import Request.
  Time since last request: 0.045096 seconds.
  path: Assets/Dead Earth/Sounds/Scene Sounds/Generator Button.wav
  artifactKey: Guid(507f33b38d004774c90ae627d56b17b4) Importer(815301076,1909f56bfc062723c751e8b465ee728b)
Start importing Assets/Dead Earth/Sounds/Scene Sounds/Generator Button.wav using Guid(507f33b38d004774c90ae627d56b17b4) Importer(815301076,1909f56bfc062723c751e8b465ee728b)  -> (artifact id: '877811d446920725237510437e81791f') in 0.008694 seconds 
  Import took 0.014108 seconds .

========================================================================
Received Import Request.
  Time since last request: 2.053067 seconds.
  path: Assets/Dead Earth/Sounds/Audio Collections/Door Locked.asset
  artifactKey: Guid(bdee07b4949be4ed9b731eb2956ac584) Importer(815301076,1909f56bfc062723c751e8b465ee728b)
Start importing Assets/Dead Earth/Sounds/Audio Collections/Door Locked.asset using Guid(bdee07b4949be4ed9b731eb2956ac584) Importer(815301076,1909f56bfc062723c751e8b465ee728b)  -> (artifact id: '3f4eb62cc5ad9a0e7e34447252f5511e') in 0.007249 seconds 
  Import took 0.012952 seconds .

========================================================================
Received Import Request.
  Time since last request: 11.288913 seconds.
  path: Assets/Dead Earth/Sounds/Horror Music.wav
  artifactKey: Guid(f2a29c343b71a604d91cddbedaf3704f) Importer(815301076,1909f56bfc062723c751e8b465ee728b)
Start importing Assets/Dead Earth/Sounds/Horror Music.wav using Guid(f2a29c343b71a604d91cddbedaf3704f) Importer(815301076,1909f56bfc062723c751e8b465ee728b)  -> (artifact id: 'ae96181fd806f4f256503ed2eb32a953') in 0.032816 seconds 
  Import took 0.040238 seconds .

========================================================================
Received Prepare
Registering precompiled user dll's ...
Registered in 0.008045 seconds.
Begin MonoManager ReloadAssembly
Native extension for OSXStandalone target not found
Refreshing native plugins compatible for Editor in 0.83 ms, found 2 plugins.
Preloading 0 native plugins for Editor in 0.00 ms.
Mono: successfully reloaded assembly
- Completed reload, in  1.553 seconds
Domain Reload Profiling:
	ReloadAssembly (1554ms)
		BeginReloadAssembly (162ms)
			ExecutionOrderSort (0ms)
			DisableScriptedObjects (8ms)
			BackupInstance (0ms)
			ReleaseScriptingObjects (0ms)
			CreateAndSetChildDomain (84ms)
		EndReloadAssembly (1311ms)
			LoadAssemblies (151ms)
			RebuildTransferFunctionScriptingTraits (0ms)
			SetupTypeCache (409ms)
			ReleaseScriptCaches (1ms)
			RebuildScriptCaches (72ms)
			SetupLoadedEditorAssemblies (531ms)
				LogAssemblyErrors (0ms)
				InitializePlatformSupportModulesInManaged (6ms)
				SetLoadedEditorAssemblies (1ms)
				RefreshPlugins (1ms)
				BeforeProcessingInitializeOnLoad (97ms)
				ProcessInitializeOnLoadAttributes (378ms)
				ProcessInitializeOnLoadMethodAttributes (46ms)
				AfterProcessingInitializeOnLoad (1ms)
				EditorAssembliesLoaded (0ms)
			ExecutionOrderSort2 (0ms)
			AwakeInstancesAfterBackupRestoration (10ms)
Platform modules already initialized, skipping
Refreshing native plugins compatible for Editor in 1.12 ms, found 2 plugins.
Preloading 0 native plugins for Editor in 0.00 ms.
Unloading 2029 Unused Serialized files (Serialized files now loaded: 0)
System memory in use before: 202.9 MB.
System memory in use after: 203.0 MB.

Unloading 49 unused Assets to reduce memory usage. Loaded Objects now: 2538.
Total: 6.742676 ms (FindLiveObjects: 0.220823 ms CreateObjectMapping: 0.069719 ms MarkObjects: 6.407515 ms  DeleteObjects: 0.043394 ms)

AssetImportParameters requested are different than current active one (requested -> active):
  custom:video-decoder-ogg-theora: a1e56fd34408186e4bbccfd4996cb3dc -> 
  custom:container-muxer-webm: aa71ff27fc2769a1b78a27578f13a17b -> 
  custom:container-demuxer-webm: 4f35f7cbe854078d1ac9338744f61a02 -> 
  custom:container-demuxer-ogg: 62fdf1f143b41e24485cea50d1cbac27 -> 
  custom:video-encoder-webm-vp8: eb34c28f22e8b96e1ab97ce403110664 -> 
  custom:framework-osx-AVFoundation: b23960f63f64bdc6ff669e2cdcee2391 -> 
  custom:video-decoder-webm-vp8: 9c59270c3fd7afecdb556c50c9e8de78 -> 
  custom:audio-decoder-ogg-vorbis: bf7c407c2cedff20999df2af8eb42d56 -> 
  custom:audio-encoder-webm-vorbis: bf7c407c2cedff20999df2af8eb42d56 -> 
========================================================================
Received Import Request.
  Time since last request: 213.546494 seconds.
  path: Assets/Dead Earth/Prefabs/Ammo_Box_Sound.prefab
  artifactKey: Guid(d3816482b39e1488ea37431e99670664) Importer(815301076,1909f56bfc062723c751e8b465ee728b)
Start importing Assets/Dead Earth/Prefabs/Ammo_Box_Sound.prefab using Guid(d3816482b39e1488ea37431e99670664) Importer(815301076,1909f56bfc062723c751e8b465ee728b)  -> (artifact id: '63b056f3daf3e3f868ecb1fe9ff3023c') in 0.096488 seconds 
  Import took 0.104255 seconds .

